2024-11-06 11:29:36,256 - root - INFO - Configuration loaded from config.yaml
2024-11-06 11:29:45,323 - root - INFO - ReviewAnalyzer initialized successfully
2024-11-06 11:29:45,323 - root - INFO - Loading and preprocessing data...
2024-11-06 11:30:11,999 - root - INFO - Performing multi-dimensional analysis...
2024-11-06 11:30:11,999 - root - INFO - Running user analysis...
2024-11-06 11:30:12,017 - UserAnalyzer - ERROR - Analysis failed: unhashable type: 'list'
2024-11-06 11:30:12,017 - root - ERROR - Error in user analysis: unhashable type: 'list'
2024-11-06 11:30:12,017 - root - INFO - Running timing analysis...
2024-11-06 11:30:12,031 - TimingAnalyzer - ERROR - Analysis failed: unhashable type: 'list'
2024-11-06 11:30:12,031 - root - ERROR - Error in timing analysis: unhashable type: 'list'
2024-11-06 11:30:12,031 - root - INFO - Running location analysis...
2024-11-06 11:30:12,045 - LocationAnalyzer - ERROR - Analysis failed: unhashable type: 'list'
2024-11-06 11:30:12,045 - root - ERROR - Error in location analysis: unhashable type: 'list'
2024-11-06 11:30:12,045 - root - INFO - Running purpose analysis...
2024-11-06 11:30:12,060 - PurposeAnalyzer - ERROR - Analysis failed: unhashable type: 'list'
2024-11-06 11:30:12,060 - root - ERROR - Error in purpose analysis: unhashable type: 'list'
2024-11-06 11:30:12,060 - root - INFO - Running scenario analysis...
2024-11-06 11:30:12,073 - ScenarioAnalyzer - ERROR - Analysis failed: unhashable type: 'list'
2024-11-06 11:30:12,074 - root - ERROR - Error in scenario analysis: unhashable type: 'list'
2024-11-06 11:30:12,074 - root - INFO - Running motivation analysis...
2024-11-06 11:30:12,087 - MotivationAnalyzer - ERROR - Analysis failed: unhashable type: 'list'
2024-11-06 11:30:12,088 - root - ERROR - Error in motivation analysis: unhashable type: 'list'
2024-11-06 11:30:12,088 - root - INFO - Running experience analysis...
2024-11-06 11:30:12,102 - ExperienceAnalyzer - ERROR - Analysis failed: unhashable type: 'list'
2024-11-06 11:30:12,103 - root - ERROR - Error in experience analysis: unhashable type: 'list'
2024-11-06 11:30:12,103 - root - INFO - Running design analysis...
2024-11-06 11:30:12,117 - DesignExpectationAnalyzer - ERROR - Analysis failed: unhashable type: 'list'
2024-11-06 11:30:12,117 - root - ERROR - Error in design analysis: unhashable type: 'list'
2024-11-06 11:30:12,117 - root - INFO - Generating insights...
2024-11-06 11:30:12,117 - root - INFO - Generating report...
2024-11-06 11:30:12,118 - root - ERROR - Error in analysis process: No module named 'xlsxwriter'
