2024-11-06 11:43:12,147 - root - INFO - Configuration loaded from config.yaml
2024-11-06 11:43:15,683 - root - INFO - ReviewAnalyzer initialized successfully
2024-11-06 11:43:15,683 - root - INFO - Loading and preprocessing data...
2024-11-06 11:43:43,309 - root - INFO - Performing multi-dimensional analysis...
2024-11-06 11:43:43,309 - root - INFO - Running user analysis...
2024-11-06 11:43:43,324 - UserAnalyzer - ERROR - Analysis failed: unhashable type: 'list'
2024-11-06 11:43:43,324 - root - ERROR - Error in user analysis: unhashable type: 'list'
2024-11-06 11:43:43,324 - root - INFO - Running timing analysis...
2024-11-06 11:43:43,338 - TimingAnalyzer - ERROR - Analysis failed: unhashable type: 'list'
2024-11-06 11:43:43,339 - root - ERROR - Error in timing analysis: unhashable type: 'list'
2024-11-06 11:43:43,339 - root - INFO - Running location analysis...
2024-11-06 11:43:43,353 - LocationAnalyzer - ERROR - Analysis failed: unhashable type: 'list'
2024-11-06 11:43:43,353 - root - ERROR - Error in location analysis: unhashable type: 'list'
2024-11-06 11:43:43,353 - root - INFO - Running purpose analysis...
2024-11-06 11:43:43,367 - PurposeAnalyzer - ERROR - Analysis failed: unhashable type: 'list'
2024-11-06 11:43:43,368 - root - ERROR - Error in purpose analysis: unhashable type: 'list'
2024-11-06 11:43:43,368 - root - INFO - Running scenario analysis...
2024-11-06 11:43:43,382 - ScenarioAnalyzer - ERROR - Analysis failed: unhashable type: 'list'
2024-11-06 11:43:43,382 - root - ERROR - Error in scenario analysis: unhashable type: 'list'
2024-11-06 11:43:43,382 - root - INFO - Running motivation analysis...
2024-11-06 11:43:43,396 - MotivationAnalyzer - ERROR - Analysis failed: unhashable type: 'list'
2024-11-06 11:43:43,396 - root - ERROR - Error in motivation analysis: unhashable type: 'list'
2024-11-06 11:43:43,396 - root - INFO - Running experience analysis...
2024-11-06 11:43:43,411 - ExperienceAnalyzer - ERROR - Analysis failed: unhashable type: 'list'
2024-11-06 11:43:43,411 - root - ERROR - Error in experience analysis: unhashable type: 'list'
2024-11-06 11:43:43,411 - root - INFO - Running design analysis...
2024-11-06 11:43:43,425 - DesignExpectationAnalyzer - ERROR - Analysis failed: unhashable type: 'list'
2024-11-06 11:43:43,425 - root - ERROR - Error in design analysis: unhashable type: 'list'
2024-11-06 11:43:43,425 - root - INFO - Generating insights...
2024-11-06 11:43:43,425 - root - INFO - Generating report...
2024-11-06 11:43:43,457 - root - ERROR - Error in analysis process: Unsupported type <class 'xlsxwriter.worksheet.String'> in write()
