2024-11-06 11:38:33,672 - root - INFO - Configuration loaded from config.yaml
2024-11-06 11:38:37,232 - root - INFO - ReviewAnalyzer initialized successfully
2024-11-06 11:38:37,232 - root - INFO - Loading and preprocessing data...
2024-11-06 11:39:09,358 - root - INFO - Performing multi-dimensional analysis...
2024-11-06 11:39:09,358 - root - INFO - Running user analysis...
2024-11-06 11:39:09,374 - UserAnalyzer - ERROR - Analysis failed: unhashable type: 'list'
2024-11-06 11:39:09,375 - root - ERROR - Error in user analysis: unhashable type: 'list'
2024-11-06 11:39:09,375 - root - INFO - Running timing analysis...
2024-11-06 11:39:09,390 - TimingAnalyzer - ERROR - Analysis failed: unhashable type: 'list'
2024-11-06 11:39:09,390 - root - ERROR - Error in timing analysis: unhashable type: 'list'
2024-11-06 11:39:09,390 - root - INFO - Running location analysis...
2024-11-06 11:39:09,406 - LocationAnalyzer - ERROR - Analysis failed: unhashable type: 'list'
2024-11-06 11:39:09,406 - root - ERROR - Error in location analysis: unhashable type: 'list'
2024-11-06 11:39:09,406 - root - INFO - Running purpose analysis...
2024-11-06 11:39:09,421 - PurposeAnalyzer - ERROR - Analysis failed: unhashable type: 'list'
2024-11-06 11:39:09,421 - root - ERROR - Error in purpose analysis: unhashable type: 'list'
2024-11-06 11:39:09,421 - root - INFO - Running scenario analysis...
2024-11-06 11:39:09,436 - ScenarioAnalyzer - ERROR - Analysis failed: unhashable type: 'list'
2024-11-06 11:39:09,437 - root - ERROR - Error in scenario analysis: unhashable type: 'list'
2024-11-06 11:39:09,437 - root - INFO - Running motivation analysis...
2024-11-06 11:39:09,452 - MotivationAnalyzer - ERROR - Analysis failed: unhashable type: 'list'
2024-11-06 11:39:09,452 - root - ERROR - Error in motivation analysis: unhashable type: 'list'
2024-11-06 11:39:09,452 - root - INFO - Running experience analysis...
2024-11-06 11:39:09,467 - ExperienceAnalyzer - ERROR - Analysis failed: unhashable type: 'list'
2024-11-06 11:39:09,467 - root - ERROR - Error in experience analysis: unhashable type: 'list'
2024-11-06 11:39:09,467 - root - INFO - Running design analysis...
2024-11-06 11:39:09,482 - DesignExpectationAnalyzer - ERROR - Analysis failed: unhashable type: 'list'
2024-11-06 11:39:09,482 - root - ERROR - Error in design analysis: unhashable type: 'list'
2024-11-06 11:39:09,482 - root - INFO - Generating insights...
2024-11-06 11:39:09,482 - root - INFO - Generating report...
2024-11-06 11:39:09,517 - root - ERROR - Error in analysis process: Unsupported type <class 'xlsxwriter.worksheet.String'> in write()
