2024-11-06 11:30:12,117 - DesignExpectationAnalyzer - ERROR - Analysis failed: unhashable type: 'list'
2024-11-06 11:39:09,482 - DesignExpectationAnalyzer - ERROR - Analysis failed: unhashable type: 'list'
2024-11-06 11:43:43,425 - DesignExpectationAnalyzer - ERROR - Analysis failed: unhashable type: 'list'
2024-11-06 12:06:02,496 - DesignExpectationAnalyzer - ERROR - Analysis failed: unhashable type: 'list'
2024-11-06 12:20:28,343 - DesignExpectationAnalyzer - INFO - Initializing base analyzer...
2024-11-06 12:20:28,343 - DesignExpectationAnalyzer - INFO - Checking NLTK resources...
2024-11-06 12:20:28,345 - DesignExpectationAnalyzer - INFO - Downloading stopwords...
2024-11-06 12:20:28,347 - DesignExpectationAnalyzer - INFO - Downloading wordnet...
2024-11-06 12:20:28,350 - DesignExpectationAnalyzer - INFO - Downloading averaged_perceptron_tagger...
2024-11-06 12:20:28,350 - DesignExpectationAnalyzer - INFO - Initializing utility classes...
2024-11-06 12:20:28,354 - DesignExpectationAnalyzer - INFO - Initializing spaCy...
2024-11-06 12:20:28,571 - DesignExpectationAnalyzer - INFO - Base analyzer initialization completed
2024-11-06 12:34:53,539 - DesignExpectationAnalyzer - INFO - Initializing base analyzer...
2024-11-06 12:34:53,539 - DesignExpectationAnalyzer - INFO - Checking NLTK resources...
2024-11-06 12:34:53,542 - DesignExpectationAnalyzer - INFO - Downloading stopwords...
2024-11-06 12:34:53,544 - DesignExpectationAnalyzer - INFO - Downloading wordnet...
2024-11-06 12:34:53,546 - DesignExpectationAnalyzer - INFO - Downloading averaged_perceptron_tagger...
2024-11-06 12:34:53,546 - DesignExpectationAnalyzer - INFO - Initializing utility classes...
2024-11-06 12:34:53,550 - DesignExpectationAnalyzer - INFO - Initializing spaCy...
2024-11-06 12:34:53,788 - DesignExpectationAnalyzer - INFO - Base analyzer initialization completed
2024-11-06 12:39:51,017 - DesignExpectationAnalyzer - INFO - Initializing base analyzer...
2024-11-06 12:39:51,017 - DesignExpectationAnalyzer - INFO - Checking NLTK resources...
2024-11-06 12:39:51,020 - DesignExpectationAnalyzer - INFO - Downloading stopwords...
2024-11-06 12:39:51,021 - DesignExpectationAnalyzer - INFO - Downloading wordnet...
2024-11-06 12:39:51,024 - DesignExpectationAnalyzer - INFO - Downloading averaged_perceptron_tagger...
2024-11-06 12:39:51,024 - DesignExpectationAnalyzer - INFO - Initializing utility classes...
2024-11-06 12:39:51,028 - DesignExpectationAnalyzer - INFO - Initializing spaCy...
2024-11-06 12:39:51,243 - DesignExpectationAnalyzer - INFO - Base analyzer initialization completed
2024-11-06 12:44:03,070 - DesignExpectationAnalyzer - INFO - Initializing base analyzer...
2024-11-06 12:44:03,070 - DesignExpectationAnalyzer - INFO - Checking NLTK resources...
2024-11-06 12:44:03,073 - DesignExpectationAnalyzer - INFO - Downloading stopwords...
2024-11-06 12:44:03,074 - DesignExpectationAnalyzer - INFO - Downloading wordnet...
2024-11-06 12:44:03,076 - DesignExpectationAnalyzer - INFO - Downloading averaged_perceptron_tagger...
2024-11-06 12:44:03,077 - DesignExpectationAnalyzer - INFO - Initializing utility classes...
2024-11-06 12:44:03,080 - DesignExpectationAnalyzer - INFO - Initializing spaCy...
2024-11-06 12:44:03,303 - DesignExpectationAnalyzer - INFO - Base analyzer initialization completed
2024-11-06 13:19:07,127 - DesignExpectationAnalyzer - INFO - Initializing base analyzer...
2024-11-06 13:19:07,127 - DesignExpectationAnalyzer - INFO - Checking NLTK resources...
2024-11-06 13:19:07,130 - DesignExpectationAnalyzer - INFO - Downloading stopwords...
2024-11-06 13:19:07,133 - DesignExpectationAnalyzer - INFO - Downloading wordnet...
2024-11-06 13:19:07,135 - DesignExpectationAnalyzer - INFO - Downloading averaged_perceptron_tagger...
2024-11-06 13:19:07,135 - DesignExpectationAnalyzer - INFO - Initializing utility classes...
2024-11-06 13:19:07,137 - DesignExpectationAnalyzer - INFO - Initializing spaCy...
2024-11-06 13:19:07,356 - DesignExpectationAnalyzer - INFO - Base analyzer initialization completed
2024-11-06 13:25:37,999 - DesignExpectationAnalyzer - INFO - Extracting categories...
2024-11-06 13:26:05,477 - DesignExpectationAnalyzer - INFO - Counting mentions...
2024-11-06 13:26:43,296 - DesignExpectationAnalyzer - INFO - Initializing base analyzer...
2024-11-06 13:26:43,296 - DesignExpectationAnalyzer - INFO - Checking NLTK resources...
2024-11-06 13:26:43,298 - DesignExpectationAnalyzer - INFO - Downloading stopwords...
2024-11-06 13:26:43,301 - DesignExpectationAnalyzer - INFO - Downloading wordnet...
2024-11-06 13:26:43,303 - DesignExpectationAnalyzer - INFO - Downloading averaged_perceptron_tagger...
2024-11-06 13:26:43,303 - DesignExpectationAnalyzer - INFO - Initializing utility classes...
2024-11-06 13:26:43,305 - DesignExpectationAnalyzer - INFO - Initializing spaCy...
2024-11-06 13:26:43,521 - DesignExpectationAnalyzer - INFO - Base analyzer initialization completed
2024-11-06 13:32:09,852 - DesignExpectationAnalyzer - INFO - Initializing base analyzer...
2024-11-06 13:32:09,852 - DesignExpectationAnalyzer - INFO - Checking NLTK resources...
2024-11-06 13:32:09,854 - DesignExpectationAnalyzer - INFO - Downloading stopwords...
2024-11-06 13:32:09,857 - DesignExpectationAnalyzer - INFO - Downloading wordnet...
2024-11-06 13:32:09,859 - DesignExpectationAnalyzer - INFO - Downloading averaged_perceptron_tagger...
2024-11-06 13:32:09,859 - DesignExpectationAnalyzer - INFO - Initializing utility classes...
2024-11-06 13:32:09,861 - DesignExpectationAnalyzer - INFO - Initializing spaCy...
2024-11-06 13:32:10,078 - DesignExpectationAnalyzer - INFO - Base analyzer initialization completed
2024-11-06 13:38:17,461 - DesignExpectationAnalyzer - INFO - Initializing base analyzer...
2024-11-06 13:38:17,461 - DesignExpectationAnalyzer - INFO - Checking NLTK resources...
2024-11-06 13:38:17,464 - DesignExpectationAnalyzer - INFO - Downloading stopwords...
2024-11-06 13:38:17,466 - DesignExpectationAnalyzer - INFO - Downloading wordnet...
2024-11-06 13:38:17,469 - DesignExpectationAnalyzer - INFO - Downloading averaged_perceptron_tagger...
2024-11-06 13:38:17,469 - DesignExpectationAnalyzer - INFO - Initializing utility classes...
2024-11-06 13:38:17,471 - DesignExpectationAnalyzer - INFO - Initializing spaCy...
2024-11-06 13:38:17,711 - DesignExpectationAnalyzer - INFO - Base analyzer initialization completed
2024-11-06 13:47:08,621 - DesignExpectationAnalyzer - INFO - Extracting categories...
2024-11-06 13:47:45,100 - DesignExpectationAnalyzer - INFO - Counting mentions...
2024-11-06 13:49:19,408 - DesignExpectationAnalyzer - INFO - Analyzing sentiment...
2024-11-06 13:49:19,832 - DesignExpectationAnalyzer - INFO - Analyzing trends...
2024-11-06 13:49:19,833 - DesignExpectationAnalyzer - WARNING - No date column found for trend analysis
2024-11-06 13:49:19,833 - DesignExpectationAnalyzer - INFO - Generating insights...
2024-11-06 13:49:19,833 - DesignExpectationAnalyzer - ERROR - Analysis failed: Insight generation failed: 'DesignExpectationAnalyzer' object has no attribute '_generate_insights'
2024-11-06 14:44:37,661 - DesignExpectationAnalyzer - INFO - Initializing base analyzer...
2024-11-06 14:44:37,661 - DesignExpectationAnalyzer - INFO - Checking NLTK resources...
2024-11-06 14:44:37,664 - DesignExpectationAnalyzer - INFO - Downloading stopwords...
2024-11-06 14:44:37,666 - DesignExpectationAnalyzer - INFO - Downloading wordnet...
2024-11-06 14:44:37,668 - DesignExpectationAnalyzer - INFO - Downloading averaged_perceptron_tagger...
2024-11-06 14:44:37,668 - DesignExpectationAnalyzer - INFO - Initializing utility classes...
2024-11-06 14:44:37,670 - DesignExpectationAnalyzer - INFO - Initializing spaCy...
2024-11-06 14:44:37,885 - DesignExpectationAnalyzer - INFO - Base analyzer initialization completed
2024-11-06 14:44:42,236 - DesignExpectationAnalyzer - INFO - Extracting categories...
2024-11-06 14:44:42,389 - DesignExpectationAnalyzer - INFO - Counting mentions...
2024-11-06 14:44:42,443 - DesignExpectationAnalyzer - INFO - Analyzing sentiment...
2024-11-06 14:44:42,476 - DesignExpectationAnalyzer - WARNING - Error analyzing sentiment: 'very positive'
2024-11-06 14:44:42,495 - DesignExpectationAnalyzer - INFO - Analyzing trends...
2024-11-06 14:44:42,495 - DesignExpectationAnalyzer - WARNING - No date column found for trend analysis
2024-11-06 14:44:42,495 - DesignExpectationAnalyzer - INFO - Generating insights...
2024-11-06 14:44:42,495 - DesignExpectationAnalyzer - WARNING - Error generating insights: 'DesignExpectationAnalyzer' object has no attribute 'df'
2024-11-06 14:44:42,496 - DesignExpectationAnalyzer - WARNING - Error saving to cache: Object of type datetime is not JSON serializable
2024-11-06 19:36:04,474 - DesignExpectationAnalyzer - INFO - Initializing base analyzer...
2024-11-06 19:36:04,474 - DesignExpectationAnalyzer - INFO - Checking NLTK resources...
2024-11-06 19:36:04,476 - DesignExpectationAnalyzer - INFO - Downloading stopwords...
2024-11-06 19:36:04,479 - DesignExpectationAnalyzer - INFO - Downloading wordnet...
2024-11-06 19:36:04,481 - DesignExpectationAnalyzer - INFO - Downloading averaged_perceptron_tagger...
2024-11-06 19:36:04,481 - DesignExpectationAnalyzer - INFO - Initializing utility classes...
2024-11-06 19:36:04,482 - DesignExpectationAnalyzer - INFO - Initializing spaCy...
2024-11-06 19:36:04,699 - DesignExpectationAnalyzer - INFO - Base analyzer initialization completed
2024-11-06 19:36:13,240 - DesignExpectationAnalyzer - INFO - Removed expired cache file: DesignExpectationAnalyzer_ce686dedb1f4b3c6713c804ab1acde57184e9cad956a6b482a6aa0d3034fd9c0.json
2024-11-06 19:36:13,241 - DesignExpectationAnalyzer - INFO - Extracting categories...
2024-11-06 19:36:13,768 - DesignExpectationAnalyzer - INFO - Counting mentions...
2024-11-06 19:36:14,080 - DesignExpectationAnalyzer - INFO - Analyzing sentiment...
2024-11-06 19:36:14,082 - DesignExpectationAnalyzer - WARNING - Error analyzing sentiment: 'score'
2024-11-06 19:36:14,085 - DesignExpectationAnalyzer - WARNING - Error analyzing sentiment: 'score'
2024-11-06 19:36:14,092 - DesignExpectationAnalyzer - WARNING - Error analyzing sentiment: 'score'
2024-11-06 19:36:14,094 - DesignExpectationAnalyzer - WARNING - Error analyzing sentiment: 'score'
2024-11-06 19:36:14,096 - DesignExpectationAnalyzer - WARNING - Error analyzing sentiment: 'score'
2024-11-06 19:36:14,098 - DesignExpectationAnalyzer - WARNING - Error analyzing sentiment: 'score'
2024-11-06 19:36:14,100 - DesignExpectationAnalyzer - WARNING - Error analyzing sentiment: 'score'
2024-11-06 19:36:14,101 - DesignExpectationAnalyzer - WARNING - Error analyzing sentiment: 'score'
2024-11-06 19:36:14,102 - DesignExpectationAnalyzer - WARNING - Error analyzing sentiment: 'score'
2024-11-06 19:36:14,104 - DesignExpectationAnalyzer - WARNING - Error analyzing sentiment: 'score'
2024-11-06 19:36:14,105 - DesignExpectationAnalyzer - WARNING - Error analyzing sentiment: 'score'
2024-11-06 19:36:14,115 - DesignExpectationAnalyzer - WARNING - Error analyzing sentiment: 'score'
2024-11-06 19:36:14,116 - DesignExpectationAnalyzer - WARNING - Error analyzing sentiment: 'score'
2024-11-06 19:36:14,124 - DesignExpectationAnalyzer - WARNING - Error analyzing sentiment: 'score'
2024-11-06 19:36:14,126 - DesignExpectationAnalyzer - WARNING - Error analyzing sentiment: 'score'
2024-11-06 19:36:14,130 - DesignExpectationAnalyzer - WARNING - Error analyzing sentiment: 'score'
2024-11-06 19:36:14,134 - DesignExpectationAnalyzer - WARNING - Error analyzing sentiment: 'score'
2024-11-06 19:36:14,136 - DesignExpectationAnalyzer - WARNING - Error analyzing sentiment: 'score'
2024-11-06 19:36:14,140 - DesignExpectationAnalyzer - WARNING - Error analyzing sentiment: 'score'
2024-11-06 19:36:14,140 - DesignExpectationAnalyzer - ERROR - Analysis failed: Sentiment analysis failed: Error in sentiment analysis: 'SentimentAnalyzer' object has no attribute 'analyze_batch'
2024-11-06 19:45:06,374 - DesignExpectationAnalyzer - INFO - Initializing base analyzer...
2024-11-06 19:45:06,374 - DesignExpectationAnalyzer - INFO - Checking NLTK resources...
2024-11-06 19:45:06,376 - DesignExpectationAnalyzer - INFO - Downloading stopwords...
2024-11-06 19:45:06,379 - DesignExpectationAnalyzer - INFO - Downloading wordnet...
2024-11-06 19:45:06,381 - DesignExpectationAnalyzer - INFO - Downloading averaged_perceptron_tagger...
2024-11-06 19:45:06,381 - DesignExpectationAnalyzer - INFO - Initializing utility classes...
2024-11-06 19:45:06,383 - DesignExpectationAnalyzer - INFO - Initializing spaCy...
2024-11-06 19:45:06,603 - DesignExpectationAnalyzer - INFO - Base analyzer initialization completed
2024-11-06 19:45:15,183 - DesignExpectationAnalyzer - INFO - Extracting categories...
2024-11-06 19:45:15,707 - DesignExpectationAnalyzer - INFO - Counting mentions...
2024-11-06 19:45:16,020 - DesignExpectationAnalyzer - INFO - Analyzing sentiment...
2024-11-06 19:45:16,022 - DesignExpectationAnalyzer - WARNING - Error analyzing sentiment: 'score'
2024-11-06 19:45:16,024 - DesignExpectationAnalyzer - WARNING - Error analyzing sentiment: 'score'
2024-11-06 19:45:16,031 - DesignExpectationAnalyzer - WARNING - Error analyzing sentiment: 'score'
2024-11-06 19:45:16,034 - DesignExpectationAnalyzer - WARNING - Error analyzing sentiment: 'score'
2024-11-06 19:45:16,036 - DesignExpectationAnalyzer - WARNING - Error analyzing sentiment: 'score'
2024-11-06 19:45:16,038 - DesignExpectationAnalyzer - WARNING - Error analyzing sentiment: 'score'
2024-11-06 19:45:16,040 - DesignExpectationAnalyzer - WARNING - Error analyzing sentiment: 'score'
2024-11-06 19:45:16,041 - DesignExpectationAnalyzer - WARNING - Error analyzing sentiment: 'score'
2024-11-06 19:45:16,042 - DesignExpectationAnalyzer - WARNING - Error analyzing sentiment: 'score'
2024-11-06 19:45:16,044 - DesignExpectationAnalyzer - WARNING - Error analyzing sentiment: 'score'
2024-11-06 19:45:16,044 - DesignExpectationAnalyzer - WARNING - Error analyzing sentiment: 'score'
2024-11-06 19:45:16,054 - DesignExpectationAnalyzer - WARNING - Error analyzing sentiment: 'score'
2024-11-06 19:45:16,055 - DesignExpectationAnalyzer - WARNING - Error analyzing sentiment: 'score'
2024-11-06 19:45:16,062 - DesignExpectationAnalyzer - WARNING - Error analyzing sentiment: 'score'
2024-11-06 19:45:16,065 - DesignExpectationAnalyzer - WARNING - Error analyzing sentiment: 'score'
2024-11-06 19:45:16,068 - DesignExpectationAnalyzer - WARNING - Error analyzing sentiment: 'score'
2024-11-06 19:45:16,072 - DesignExpectationAnalyzer - WARNING - Error analyzing sentiment: 'score'
2024-11-06 19:45:16,074 - DesignExpectationAnalyzer - WARNING - Error analyzing sentiment: 'score'
2024-11-06 19:45:16,078 - DesignExpectationAnalyzer - WARNING - Error analyzing sentiment: 'score'
2024-11-06 19:45:16,078 - DesignExpectationAnalyzer - ERROR - Analysis failed: Sentiment analysis failed: Error in sentiment analysis: 'SentimentAnalyzer' object has no attribute 'analyze_batch'
2024-11-06 19:53:21,036 - DesignExpectationAnalyzer - INFO - Initializing base analyzer...
2024-11-06 19:53:21,036 - DesignExpectationAnalyzer - INFO - Checking NLTK resources...
2024-11-06 19:53:21,038 - DesignExpectationAnalyzer - INFO - Downloading stopwords...
2024-11-06 19:53:21,041 - DesignExpectationAnalyzer - INFO - Downloading wordnet...
2024-11-06 19:53:21,043 - DesignExpectationAnalyzer - INFO - Downloading averaged_perceptron_tagger...
2024-11-06 19:53:21,043 - DesignExpectationAnalyzer - INFO - Initializing utility classes...
2024-11-06 19:53:21,044 - DesignExpectationAnalyzer - INFO - Initializing spaCy...
2024-11-06 19:53:21,258 - DesignExpectationAnalyzer - INFO - Base analyzer initialization completed
2024-11-06 19:53:31,148 - DesignExpectationAnalyzer - INFO - Extracting categories...
2024-11-06 19:53:31,664 - DesignExpectationAnalyzer - INFO - Counting mentions...
2024-11-06 19:53:31,970 - DesignExpectationAnalyzer - INFO - Analyzing sentiment...
2024-11-06 19:53:32,108 - DesignExpectationAnalyzer - INFO - Analyzing trends...
2024-11-06 19:53:32,108 - DesignExpectationAnalyzer - WARNING - No date column found for trend analysis
2024-11-06 19:53:32,108 - DesignExpectationAnalyzer - INFO - Generating insights...
2024-11-06 19:53:32,110 - DesignExpectationAnalyzer - WARNING - Error saving to cache: Object of type datetime is not JSON serializable
2024-11-06 20:00:09,057 - DesignExpectationAnalyzer - INFO - Initializing base analyzer...
2024-11-06 20:00:09,057 - DesignExpectationAnalyzer - INFO - Checking NLTK resources...
2024-11-06 20:00:09,059 - DesignExpectationAnalyzer - INFO - Downloading stopwords...
2024-11-06 20:00:09,061 - DesignExpectationAnalyzer - INFO - Downloading wordnet...
2024-11-06 20:00:09,063 - DesignExpectationAnalyzer - INFO - Downloading averaged_perceptron_tagger...
2024-11-06 20:00:09,063 - DesignExpectationAnalyzer - INFO - Initializing utility classes...
2024-11-06 20:00:09,065 - DesignExpectationAnalyzer - INFO - Initializing spaCy...
2024-11-06 20:00:09,280 - DesignExpectationAnalyzer - INFO - Base analyzer initialization completed
2024-11-06 20:00:18,809 - DesignExpectationAnalyzer - INFO - Using cached result
2024-11-06 20:00:18,809 - DesignExpectationAnalyzer - WARNING - Error reading cache: Expecting value: line 5 column 19 (char 72)
2024-11-06 20:00:18,809 - DesignExpectationAnalyzer - INFO - Extracting categories...
2024-11-06 20:00:19,316 - DesignExpectationAnalyzer - INFO - Counting mentions...
2024-11-06 20:00:19,623 - DesignExpectationAnalyzer - INFO - Analyzing sentiment...
2024-11-06 20:00:19,759 - DesignExpectationAnalyzer - INFO - Analyzing trends...
2024-11-06 20:00:19,759 - DesignExpectationAnalyzer - WARNING - No date column found for trend analysis
2024-11-06 20:00:19,759 - DesignExpectationAnalyzer - INFO - Generating insights...
2024-11-06 20:00:19,760 - DesignExpectationAnalyzer - INFO - Results saved to cache
2024-11-06 21:35:49,395 - DesignExpectationAnalyzer - INFO - Initializing base analyzer...
2024-11-06 21:35:49,395 - DesignExpectationAnalyzer - INFO - Checking NLTK resources...
2024-11-06 21:35:49,398 - DesignExpectationAnalyzer - INFO - Downloading stopwords...
2024-11-06 21:35:49,400 - DesignExpectationAnalyzer - INFO - Downloading wordnet...
2024-11-06 21:35:49,403 - DesignExpectationAnalyzer - INFO - Downloading averaged_perceptron_tagger...
2024-11-06 21:35:49,403 - DesignExpectationAnalyzer - INFO - Initializing utility classes...
2024-11-06 21:35:49,405 - DesignExpectationAnalyzer - INFO - Initializing spaCy...
2024-11-06 21:35:49,644 - DesignExpectationAnalyzer - INFO - Base analyzer initialization completed
2024-11-06 21:36:00,400 - DesignExpectationAnalyzer - INFO - Removed expired cache file: DesignExpectationAnalyzer_812a57d66466a70d62631fd4e03cba037461f0c8a088ca17c4ebbf2bfb18d033.json
2024-11-06 21:36:00,401 - DesignExpectationAnalyzer - INFO - Extracting categories...
2024-11-06 21:36:00,971 - DesignExpectationAnalyzer - INFO - Counting mentions...
2024-11-06 21:36:01,314 - DesignExpectationAnalyzer - INFO - Analyzing sentiment...
2024-11-06 21:36:01,467 - DesignExpectationAnalyzer - INFO - Analyzing trends...
2024-11-06 21:36:01,467 - DesignExpectationAnalyzer - WARNING - No date column found for trend analysis
2024-11-06 21:36:01,468 - DesignExpectationAnalyzer - INFO - Generating insights...
2024-11-06 21:36:01,469 - DesignExpectationAnalyzer - INFO - Results saved to cache
2024-11-06 22:13:47,272 - DesignExpectationAnalyzer - INFO - Initializing base analyzer...
2024-11-06 22:13:47,272 - DesignExpectationAnalyzer - INFO - Checking NLTK resources...
2024-11-06 22:13:47,275 - DesignExpectationAnalyzer - INFO - Downloading stopwords...
2024-11-06 22:13:47,277 - DesignExpectationAnalyzer - INFO - Downloading wordnet...
2024-11-06 22:13:47,279 - DesignExpectationAnalyzer - INFO - Downloading averaged_perceptron_tagger...
2024-11-06 22:13:47,279 - DesignExpectationAnalyzer - INFO - Initializing utility classes...
2024-11-06 22:13:47,281 - DesignExpectationAnalyzer - INFO - Initializing spaCy...
2024-11-06 22:13:47,521 - DesignExpectationAnalyzer - INFO - Base analyzer initialization completed
2024-11-06 22:16:23,003 - DesignExpectationAnalyzer - INFO - Initializing base analyzer...
2024-11-06 22:16:23,004 - DesignExpectationAnalyzer - INFO - Checking NLTK resources...
2024-11-06 22:16:23,006 - DesignExpectationAnalyzer - INFO - Downloading stopwords...
2024-11-06 22:16:23,009 - DesignExpectationAnalyzer - INFO - Downloading wordnet...
2024-11-06 22:16:23,011 - DesignExpectationAnalyzer - INFO - Downloading averaged_perceptron_tagger...
2024-11-06 22:16:23,011 - DesignExpectationAnalyzer - INFO - Initializing utility classes...
2024-11-06 22:16:23,013 - DesignExpectationAnalyzer - INFO - Initializing spaCy...
2024-11-06 22:16:23,237 - DesignExpectationAnalyzer - INFO - Base analyzer initialization completed
2024-11-06 22:39:39,046 - DesignExpectationAnalyzer - INFO - Initializing base analyzer...
2024-11-06 22:39:39,047 - DesignExpectationAnalyzer - INFO - Checking NLTK resources...
2024-11-06 22:39:39,049 - DesignExpectationAnalyzer - INFO - Downloading stopwords...
2024-11-06 22:39:39,052 - DesignExpectationAnalyzer - INFO - Downloading wordnet...
2024-11-06 22:39:39,054 - DesignExpectationAnalyzer - INFO - Downloading averaged_perceptron_tagger...
2024-11-06 22:39:39,054 - DesignExpectationAnalyzer - INFO - Initializing utility classes...
2024-11-06 22:39:39,056 - DesignExpectationAnalyzer - INFO - Initializing spaCy...
2024-11-06 22:39:39,290 - DesignExpectationAnalyzer - INFO - Base analyzer initialization completed
2024-11-06 22:39:52,561 - DesignExpectationAnalyzer - INFO - Removed expired cache file: DesignExpectationAnalyzer_812a57d66466a70d62631fd4e03cba037461f0c8a088ca17c4ebbf2bfb18d033.json
2024-11-06 22:39:52,563 - DesignExpectationAnalyzer - INFO - Extracting categories...
2024-11-06 22:39:53,134 - DesignExpectationAnalyzer - INFO - Counting mentions...
2024-11-06 22:39:53,485 - DesignExpectationAnalyzer - INFO - Analyzing sentiment...
2024-11-06 22:39:53,642 - DesignExpectationAnalyzer - INFO - Analyzing trends...
2024-11-06 22:39:53,643 - DesignExpectationAnalyzer - WARNING - No date column 'ÆÀÂÛÈÕÆÚ' found for trend analysis
2024-11-06 22:39:53,643 - DesignExpectationAnalyzer - INFO - Generating insights...
2024-11-06 22:39:53,644 - DesignExpectationAnalyzer - INFO - Results saved to cache
2024-11-06 23:56:42,803 - DesignExpectationAnalyzer - INFO - Initializing base analyzer...
2024-11-06 23:56:42,803 - DesignExpectationAnalyzer - INFO - Checking NLTK resources...
2024-11-06 23:56:42,806 - DesignExpectationAnalyzer - INFO - Downloading stopwords...
2024-11-06 23:56:42,809 - DesignExpectationAnalyzer - INFO - Downloading wordnet...
2024-11-06 23:56:42,811 - DesignExpectationAnalyzer - INFO - Downloading averaged_perceptron_tagger...
2024-11-06 23:56:42,811 - DesignExpectationAnalyzer - INFO - Initializing utility classes...
2024-11-06 23:56:42,813 - DesignExpectationAnalyzer - INFO - Initializing spaCy...
2024-11-06 23:56:43,029 - DesignExpectationAnalyzer - INFO - Base analyzer initialization completed
2024-11-06 23:56:52,603 - DesignExpectationAnalyzer - INFO - Removed expired cache file: DesignExpectationAnalyzer_812a57d66466a70d62631fd4e03cba037461f0c8a088ca17c4ebbf2bfb18d033.json
2024-11-06 23:56:52,604 - DesignExpectationAnalyzer - INFO - Extracting categories...
2024-11-06 23:56:53,112 - DesignExpectationAnalyzer - INFO - Counting mentions...
2024-11-06 23:56:53,424 - DesignExpectationAnalyzer - INFO - Analyzing sentiment...
2024-11-06 23:56:53,565 - DesignExpectationAnalyzer - ERROR - Sentiment analysis failed: 'metadata'
2024-11-06 23:56:53,565 - DesignExpectationAnalyzer - INFO - Analyzing trends...
2024-11-06 23:56:53,567 - DesignExpectationAnalyzer - INFO - Generating insights...
2024-11-06 23:56:53,568 - DesignExpectationAnalyzer - INFO - Results saved to cache
