2024-11-06 11:30:12,102 - ExperienceAnalyzer - ERROR - Analysis failed: unhashable type: 'list'
2024-11-06 11:39:09,467 - ExperienceAnalyzer - ERROR - Analysis failed: unhashable type: 'list'
2024-11-06 11:43:43,411 - ExperienceAnalyzer - ERROR - Analysis failed: unhashable type: 'list'
2024-11-06 12:06:02,480 - ExperienceAnalyzer - ERROR - Analysis failed: unhashable type: 'list'
2024-11-06 12:20:28,119 - ExperienceAnalyzer - INFO - Initializing base analyzer...
2024-11-06 12:20:28,119 - ExperienceAnalyzer - INFO - Checking NLTK resources...
2024-11-06 12:20:28,121 - ExperienceAnalyzer - INFO - Downloading stopwords...
2024-11-06 12:20:28,123 - ExperienceAnalyzer - INFO - Downloading wordnet...
2024-11-06 12:20:28,125 - ExperienceAnalyzer - INFO - Downloading averaged_perceptron_tagger...
2024-11-06 12:20:28,125 - ExperienceAnalyzer - INFO - Initializing utility classes...
2024-11-06 12:20:28,129 - ExperienceAnalyzer - INFO - Initializing spaCy...
2024-11-06 12:20:28,342 - ExperienceAnalyzer - INFO - Base analyzer initialization completed
2024-11-06 12:34:53,294 - ExperienceAnalyzer - INFO - Initializing base analyzer...
2024-11-06 12:34:53,294 - ExperienceAnalyzer - INFO - Checking NLTK resources...
2024-11-06 12:34:53,296 - ExperienceAnalyzer - INFO - Downloading stopwords...
2024-11-06 12:34:53,298 - ExperienceAnalyzer - INFO - Downloading wordnet...
2024-11-06 12:34:53,300 - ExperienceAnalyzer - INFO - Downloading averaged_perceptron_tagger...
2024-11-06 12:34:53,300 - ExperienceAnalyzer - INFO - Initializing utility classes...
2024-11-06 12:34:53,304 - ExperienceAnalyzer - INFO - Initializing spaCy...
2024-11-06 12:34:53,539 - ExperienceAnalyzer - INFO - Base analyzer initialization completed
2024-11-06 12:39:50,788 - ExperienceAnalyzer - INFO - Initializing base analyzer...
2024-11-06 12:39:50,788 - ExperienceAnalyzer - INFO - Checking NLTK resources...
2024-11-06 12:39:50,791 - ExperienceAnalyzer - INFO - Downloading stopwords...
2024-11-06 12:39:50,792 - ExperienceAnalyzer - INFO - Downloading wordnet...
2024-11-06 12:39:50,794 - ExperienceAnalyzer - INFO - Downloading averaged_perceptron_tagger...
2024-11-06 12:39:50,794 - ExperienceAnalyzer - INFO - Initializing utility classes...
2024-11-06 12:39:50,799 - ExperienceAnalyzer - INFO - Initializing spaCy...
2024-11-06 12:39:51,017 - ExperienceAnalyzer - INFO - Base analyzer initialization completed
2024-11-06 12:44:02,837 - ExperienceAnalyzer - INFO - Initializing base analyzer...
2024-11-06 12:44:02,838 - ExperienceAnalyzer - INFO - Checking NLTK resources...
2024-11-06 12:44:02,840 - ExperienceAnalyzer - INFO - Downloading stopwords...
2024-11-06 12:44:02,842 - ExperienceAnalyzer - INFO - Downloading wordnet...
2024-11-06 12:44:02,844 - ExperienceAnalyzer - INFO - Downloading averaged_perceptron_tagger...
2024-11-06 12:44:02,844 - ExperienceAnalyzer - INFO - Initializing utility classes...
2024-11-06 12:44:02,848 - ExperienceAnalyzer - INFO - Initializing spaCy...
2024-11-06 12:44:03,070 - ExperienceAnalyzer - INFO - Base analyzer initialization completed
2024-11-06 13:19:06,899 - ExperienceAnalyzer - INFO - Initializing base analyzer...
2024-11-06 13:19:06,899 - ExperienceAnalyzer - INFO - Checking NLTK resources...
2024-11-06 13:19:06,901 - ExperienceAnalyzer - INFO - Downloading stopwords...
2024-11-06 13:19:06,904 - ExperienceAnalyzer - INFO - Downloading wordnet...
2024-11-06 13:19:06,906 - ExperienceAnalyzer - INFO - Downloading averaged_perceptron_tagger...
2024-11-06 13:19:06,906 - ExperienceAnalyzer - INFO - Initializing utility classes...
2024-11-06 13:19:06,908 - ExperienceAnalyzer - INFO - Initializing spaCy...
2024-11-06 13:19:07,127 - ExperienceAnalyzer - INFO - Base analyzer initialization completed
2024-11-06 13:25:37,996 - ExperienceAnalyzer - INFO - Extracting categories...
2024-11-06 13:25:37,996 - ExperienceAnalyzer - ERROR - Category extraction failed: name 'defaultdict' is not defined
2024-11-06 13:25:37,996 - ExperienceAnalyzer - ERROR - Analysis failed: Category extraction failed: name 'ProcessingError' is not defined
2024-11-06 13:26:43,071 - ExperienceAnalyzer - INFO - Initializing base analyzer...
2024-11-06 13:26:43,072 - ExperienceAnalyzer - INFO - Checking NLTK resources...
2024-11-06 13:26:43,074 - ExperienceAnalyzer - INFO - Downloading stopwords...
2024-11-06 13:26:43,076 - ExperienceAnalyzer - INFO - Downloading wordnet...
2024-11-06 13:26:43,079 - ExperienceAnalyzer - INFO - Downloading averaged_perceptron_tagger...
2024-11-06 13:26:43,079 - ExperienceAnalyzer - INFO - Initializing utility classes...
2024-11-06 13:26:43,081 - ExperienceAnalyzer - INFO - Initializing spaCy...
2024-11-06 13:26:43,295 - ExperienceAnalyzer - INFO - Base analyzer initialization completed
2024-11-06 13:32:09,626 - ExperienceAnalyzer - INFO - Initializing base analyzer...
2024-11-06 13:32:09,626 - ExperienceAnalyzer - INFO - Checking NLTK resources...
2024-11-06 13:32:09,629 - ExperienceAnalyzer - INFO - Downloading stopwords...
2024-11-06 13:32:09,631 - ExperienceAnalyzer - INFO - Downloading wordnet...
2024-11-06 13:32:09,633 - ExperienceAnalyzer - INFO - Downloading averaged_perceptron_tagger...
2024-11-06 13:32:09,633 - ExperienceAnalyzer - INFO - Initializing utility classes...
2024-11-06 13:32:09,635 - ExperienceAnalyzer - INFO - Initializing spaCy...
2024-11-06 13:32:09,851 - ExperienceAnalyzer - INFO - Base analyzer initialization completed
2024-11-06 13:38:17,205 - ExperienceAnalyzer - INFO - Initializing base analyzer...
2024-11-06 13:38:17,205 - ExperienceAnalyzer - INFO - Checking NLTK resources...
2024-11-06 13:38:17,208 - ExperienceAnalyzer - INFO - Downloading stopwords...
2024-11-06 13:38:17,211 - ExperienceAnalyzer - INFO - Downloading wordnet...
2024-11-06 13:38:17,213 - ExperienceAnalyzer - INFO - Downloading averaged_perceptron_tagger...
2024-11-06 13:38:17,214 - ExperienceAnalyzer - INFO - Initializing utility classes...
2024-11-06 13:38:17,216 - ExperienceAnalyzer - INFO - Initializing spaCy...
2024-11-06 13:38:17,460 - ExperienceAnalyzer - INFO - Base analyzer initialization completed
2024-11-06 13:47:08,616 - ExperienceAnalyzer - INFO - Extracting categories...
2024-11-06 13:47:08,616 - ExperienceAnalyzer - ERROR - Category extraction failed: name 'defaultdict' is not defined
2024-11-06 13:47:08,616 - ExperienceAnalyzer - ERROR - Analysis failed: Category extraction failed: name 'ProcessingError' is not defined
2024-11-06 14:44:37,435 - ExperienceAnalyzer - INFO - Initializing base analyzer...
2024-11-06 14:44:37,435 - ExperienceAnalyzer - INFO - Checking NLTK resources...
2024-11-06 14:44:37,437 - ExperienceAnalyzer - INFO - Downloading stopwords...
2024-11-06 14:44:37,440 - ExperienceAnalyzer - INFO - Downloading wordnet...
2024-11-06 14:44:37,442 - ExperienceAnalyzer - INFO - Downloading averaged_perceptron_tagger...
2024-11-06 14:44:37,442 - ExperienceAnalyzer - INFO - Initializing utility classes...
2024-11-06 14:44:37,444 - ExperienceAnalyzer - INFO - Initializing spaCy...
2024-11-06 14:44:37,661 - ExperienceAnalyzer - INFO - Base analyzer initialization completed
2024-11-06 14:44:42,234 - ExperienceAnalyzer - INFO - Extracting categories...
2024-11-06 14:44:42,234 - ExperienceAnalyzer - ERROR - Category extraction failed: name 'defaultdict' is not defined
2024-11-06 14:44:42,234 - ExperienceAnalyzer - ERROR - Analysis failed: Category extraction failed: name 'ProcessingError' is not defined
2024-11-06 19:36:03,967 - ExperienceAnalyzer - INFO - Initializing base analyzer...
2024-11-06 19:36:03,967 - ExperienceAnalyzer - INFO - Checking NLTK resources...
2024-11-06 19:36:03,969 - ExperienceAnalyzer - INFO - Downloading stopwords...
2024-11-06 19:36:03,972 - ExperienceAnalyzer - INFO - Downloading wordnet...
2024-11-06 19:36:03,974 - ExperienceAnalyzer - INFO - Downloading averaged_perceptron_tagger...
2024-11-06 19:36:03,974 - ExperienceAnalyzer - INFO - Initializing utility classes...
2024-11-06 19:36:03,975 - ExperienceAnalyzer - INFO - Initializing spaCy...
2024-11-06 19:36:04,194 - ExperienceAnalyzer - INFO - Base analyzer initialization completed
2024-11-06 19:36:12,336 - ExperienceAnalyzer - INFO - Extracting categories...
2024-11-06 19:36:12,865 - ExperienceAnalyzer - INFO - Counting mentions...
2024-11-06 19:36:13,099 - ExperienceAnalyzer - INFO - Analyzing sentiment...
2024-11-06 19:36:13,101 - ExperienceAnalyzer - WARNING - Error analyzing sentiment: 'score'
2024-11-06 19:36:13,104 - ExperienceAnalyzer - WARNING - Error analyzing sentiment: 'score'
2024-11-06 19:36:13,109 - ExperienceAnalyzer - WARNING - Error analyzing sentiment: 'score'
2024-11-06 19:36:13,119 - ExperienceAnalyzer - WARNING - Error analyzing sentiment: 'score'
2024-11-06 19:36:13,125 - ExperienceAnalyzer - WARNING - Error analyzing sentiment: 'score'
2024-11-06 19:36:13,134 - ExperienceAnalyzer - WARNING - Error analyzing sentiment: 'score'
2024-11-06 19:36:13,137 - ExperienceAnalyzer - WARNING - Error analyzing sentiment: 'score'
2024-11-06 19:36:13,158 - ExperienceAnalyzer - WARNING - Error analyzing sentiment: 'score'
2024-11-06 19:36:13,196 - ExperienceAnalyzer - WARNING - Error analyzing sentiment: 'score'
2024-11-06 19:36:13,198 - ExperienceAnalyzer - WARNING - Error analyzing sentiment: 'score'
2024-11-06 19:36:13,202 - ExperienceAnalyzer - WARNING - Error analyzing sentiment: 'score'
2024-11-06 19:36:13,211 - ExperienceAnalyzer - WARNING - Error analyzing sentiment: 'score'
2024-11-06 19:36:13,213 - ExperienceAnalyzer - WARNING - Error analyzing sentiment: 'score'
2024-11-06 19:36:13,215 - ExperienceAnalyzer - WARNING - Error analyzing sentiment: 'score'
2024-11-06 19:36:13,220 - ExperienceAnalyzer - WARNING - Error analyzing sentiment: 'score'
2024-11-06 19:36:13,221 - ExperienceAnalyzer - WARNING - Error analyzing sentiment: 'very positive'
2024-11-06 19:36:13,229 - ExperienceAnalyzer - WARNING - Error analyzing sentiment: 'score'
2024-11-06 19:36:13,238 - ExperienceAnalyzer - WARNING - Error analyzing sentiment: 'score'
2024-11-06 19:36:13,238 - ExperienceAnalyzer - ERROR - Analysis failed: Sentiment analysis failed: Error in sentiment analysis: 'SentimentAnalyzer' object has no attribute 'analyze_batch'
2024-11-06 19:45:05,819 - ExperienceAnalyzer - INFO - Initializing base analyzer...
2024-11-06 19:45:05,819 - ExperienceAnalyzer - INFO - Checking NLTK resources...
2024-11-06 19:45:05,822 - ExperienceAnalyzer - INFO - Downloading stopwords...
2024-11-06 19:45:05,825 - ExperienceAnalyzer - INFO - Downloading wordnet...
2024-11-06 19:45:05,827 - ExperienceAnalyzer - INFO - Downloading averaged_perceptron_tagger...
2024-11-06 19:45:05,827 - ExperienceAnalyzer - INFO - Initializing utility classes...
2024-11-06 19:45:05,829 - ExperienceAnalyzer - INFO - Initializing spaCy...
2024-11-06 19:45:06,073 - ExperienceAnalyzer - INFO - Base analyzer initialization completed
2024-11-06 19:45:14,302 - ExperienceAnalyzer - INFO - Extracting categories...
2024-11-06 19:45:14,818 - ExperienceAnalyzer - INFO - Counting mentions...
2024-11-06 19:45:15,047 - ExperienceAnalyzer - INFO - Analyzing sentiment...
2024-11-06 19:45:15,048 - ExperienceAnalyzer - WARNING - Error analyzing sentiment: 'score'
2024-11-06 19:45:15,052 - ExperienceAnalyzer - WARNING - Error analyzing sentiment: 'score'
2024-11-06 19:45:15,056 - ExperienceAnalyzer - WARNING - Error analyzing sentiment: 'score'
2024-11-06 19:45:15,066 - ExperienceAnalyzer - WARNING - Error analyzing sentiment: 'score'
2024-11-06 19:45:15,071 - ExperienceAnalyzer - WARNING - Error analyzing sentiment: 'score'
2024-11-06 19:45:15,080 - ExperienceAnalyzer - WARNING - Error analyzing sentiment: 'score'
2024-11-06 19:45:15,082 - ExperienceAnalyzer - WARNING - Error analyzing sentiment: 'score'
2024-11-06 19:45:15,104 - ExperienceAnalyzer - WARNING - Error analyzing sentiment: 'score'
2024-11-06 19:45:15,141 - ExperienceAnalyzer - WARNING - Error analyzing sentiment: 'score'
2024-11-06 19:45:15,143 - ExperienceAnalyzer - WARNING - Error analyzing sentiment: 'score'
2024-11-06 19:45:15,147 - ExperienceAnalyzer - WARNING - Error analyzing sentiment: 'score'
2024-11-06 19:45:15,155 - ExperienceAnalyzer - WARNING - Error analyzing sentiment: 'score'
2024-11-06 19:45:15,157 - ExperienceAnalyzer - WARNING - Error analyzing sentiment: 'score'
2024-11-06 19:45:15,158 - ExperienceAnalyzer - WARNING - Error analyzing sentiment: 'score'
2024-11-06 19:45:15,164 - ExperienceAnalyzer - WARNING - Error analyzing sentiment: 'score'
2024-11-06 19:45:15,165 - ExperienceAnalyzer - WARNING - Error analyzing sentiment: 'very positive'
2024-11-06 19:45:15,172 - ExperienceAnalyzer - WARNING - Error analyzing sentiment: 'score'
2024-11-06 19:45:15,180 - ExperienceAnalyzer - WARNING - Error analyzing sentiment: 'score'
2024-11-06 19:45:15,181 - ExperienceAnalyzer - ERROR - Analysis failed: Sentiment analysis failed: Error in sentiment analysis: 'SentimentAnalyzer' object has no attribute 'analyze_batch'
2024-11-06 19:53:20,542 - ExperienceAnalyzer - INFO - Initializing base analyzer...
2024-11-06 19:53:20,542 - ExperienceAnalyzer - INFO - Checking NLTK resources...
2024-11-06 19:53:20,545 - ExperienceAnalyzer - INFO - Downloading stopwords...
2024-11-06 19:53:20,547 - ExperienceAnalyzer - INFO - Downloading wordnet...
2024-11-06 19:53:20,549 - ExperienceAnalyzer - INFO - Downloading averaged_perceptron_tagger...
2024-11-06 19:53:20,549 - ExperienceAnalyzer - INFO - Initializing utility classes...
2024-11-06 19:53:20,550 - ExperienceAnalyzer - INFO - Initializing spaCy...
2024-11-06 19:53:20,765 - ExperienceAnalyzer - INFO - Base analyzer initialization completed
2024-11-06 19:53:30,250 - ExperienceAnalyzer - INFO - Extracting categories...
2024-11-06 19:53:30,778 - ExperienceAnalyzer - INFO - Counting mentions...
2024-11-06 19:53:31,010 - ExperienceAnalyzer - INFO - Analyzing sentiment...
2024-11-06 19:53:31,145 - ExperienceAnalyzer - INFO - Analyzing trends...
2024-11-06 19:53:31,145 - ExperienceAnalyzer - WARNING - No date column found for trend analysis
2024-11-06 19:53:31,145 - ExperienceAnalyzer - INFO - Generating insights...
2024-11-06 19:53:31,145 - ExperienceAnalyzer - WARNING - Error generating insights: 'ExperienceAnalyzer' object has no attribute 'df'
2024-11-06 19:53:31,146 - ExperienceAnalyzer - WARNING - Error saving to cache: Object of type datetime is not JSON serializable
2024-11-06 20:00:08,551 - ExperienceAnalyzer - INFO - Initializing base analyzer...
2024-11-06 20:00:08,551 - ExperienceAnalyzer - INFO - Checking NLTK resources...
2024-11-06 20:00:08,554 - ExperienceAnalyzer - INFO - Downloading stopwords...
2024-11-06 20:00:08,556 - ExperienceAnalyzer - INFO - Downloading wordnet...
2024-11-06 20:00:08,558 - ExperienceAnalyzer - INFO - Downloading averaged_perceptron_tagger...
2024-11-06 20:00:08,558 - ExperienceAnalyzer - INFO - Initializing utility classes...
2024-11-06 20:00:08,560 - ExperienceAnalyzer - INFO - Initializing spaCy...
2024-11-06 20:00:08,780 - ExperienceAnalyzer - INFO - Base analyzer initialization completed
2024-11-06 20:00:17,916 - ExperienceAnalyzer - INFO - Using cached result
2024-11-06 20:00:17,916 - ExperienceAnalyzer - WARNING - Error reading cache: Expecting value: line 5 column 19 (char 72)
2024-11-06 20:00:17,916 - ExperienceAnalyzer - INFO - Extracting categories...
2024-11-06 20:00:18,441 - ExperienceAnalyzer - INFO - Counting mentions...
2024-11-06 20:00:18,668 - ExperienceAnalyzer - INFO - Analyzing sentiment...
2024-11-06 20:00:18,805 - ExperienceAnalyzer - INFO - Analyzing trends...
2024-11-06 20:00:18,805 - ExperienceAnalyzer - WARNING - No date column found for trend analysis
2024-11-06 20:00:18,805 - ExperienceAnalyzer - INFO - Generating insights...
2024-11-06 20:00:18,806 - ExperienceAnalyzer - INFO - Results saved to cache
2024-11-06 21:35:48,832 - ExperienceAnalyzer - INFO - Initializing base analyzer...
2024-11-06 21:35:48,832 - ExperienceAnalyzer - INFO - Checking NLTK resources...
2024-11-06 21:35:48,835 - ExperienceAnalyzer - INFO - Downloading stopwords...
2024-11-06 21:35:48,837 - ExperienceAnalyzer - INFO - Downloading wordnet...
2024-11-06 21:35:48,839 - ExperienceAnalyzer - INFO - Downloading averaged_perceptron_tagger...
2024-11-06 21:35:48,839 - ExperienceAnalyzer - INFO - Initializing utility classes...
2024-11-06 21:35:48,841 - ExperienceAnalyzer - INFO - Initializing spaCy...
2024-11-06 21:35:49,096 - ExperienceAnalyzer - INFO - Base analyzer initialization completed
2024-11-06 21:35:59,408 - ExperienceAnalyzer - INFO - Removed expired cache file: ExperienceAnalyzer_cb792faefa52e4d051743eeeeb1ed0185a0103357929c80bd0ce529eee69ef10.json
2024-11-06 21:35:59,409 - ExperienceAnalyzer - INFO - Extracting categories...
2024-11-06 21:35:59,987 - ExperienceAnalyzer - INFO - Counting mentions...
2024-11-06 21:36:00,240 - ExperienceAnalyzer - INFO - Analyzing sentiment...
2024-11-06 21:36:00,397 - ExperienceAnalyzer - INFO - Analyzing trends...
2024-11-06 21:36:00,397 - ExperienceAnalyzer - WARNING - No date column found for trend analysis
2024-11-06 21:36:00,397 - ExperienceAnalyzer - INFO - Generating insights...
2024-11-06 21:36:00,399 - ExperienceAnalyzer - INFO - Results saved to cache
2024-11-06 22:13:46,755 - ExperienceAnalyzer - INFO - Initializing base analyzer...
2024-11-06 22:13:46,755 - ExperienceAnalyzer - INFO - Checking NLTK resources...
2024-11-06 22:13:46,758 - ExperienceAnalyzer - INFO - Downloading stopwords...
2024-11-06 22:13:46,760 - ExperienceAnalyzer - INFO - Downloading wordnet...
2024-11-06 22:13:46,762 - ExperienceAnalyzer - INFO - Downloading averaged_perceptron_tagger...
2024-11-06 22:13:46,762 - ExperienceAnalyzer - INFO - Initializing utility classes...
2024-11-06 22:13:46,764 - ExperienceAnalyzer - INFO - Initializing spaCy...
2024-11-06 22:13:46,989 - ExperienceAnalyzer - INFO - Base analyzer initialization completed
2024-11-06 22:16:22,481 - ExperienceAnalyzer - INFO - Initializing base analyzer...
2024-11-06 22:16:22,481 - ExperienceAnalyzer - INFO - Checking NLTK resources...
2024-11-06 22:16:22,484 - ExperienceAnalyzer - INFO - Downloading stopwords...
2024-11-06 22:16:22,486 - ExperienceAnalyzer - INFO - Downloading wordnet...
2024-11-06 22:16:22,488 - ExperienceAnalyzer - INFO - Downloading averaged_perceptron_tagger...
2024-11-06 22:16:22,488 - ExperienceAnalyzer - INFO - Initializing utility classes...
2024-11-06 22:16:22,490 - ExperienceAnalyzer - INFO - Initializing spaCy...
2024-11-06 22:16:22,720 - ExperienceAnalyzer - INFO - Base analyzer initialization completed
2024-11-06 22:39:38,510 - ExperienceAnalyzer - INFO - Initializing base analyzer...
2024-11-06 22:39:38,511 - ExperienceAnalyzer - INFO - Checking NLTK resources...
2024-11-06 22:39:38,513 - ExperienceAnalyzer - INFO - Downloading stopwords...
2024-11-06 22:39:38,515 - ExperienceAnalyzer - INFO - Downloading wordnet...
2024-11-06 22:39:38,518 - ExperienceAnalyzer - INFO - Downloading averaged_perceptron_tagger...
2024-11-06 22:39:38,518 - ExperienceAnalyzer - INFO - Initializing utility classes...
2024-11-06 22:39:38,520 - ExperienceAnalyzer - INFO - Initializing spaCy...
2024-11-06 22:39:38,751 - ExperienceAnalyzer - INFO - Base analyzer initialization completed
2024-11-06 22:39:51,542 - ExperienceAnalyzer - INFO - Removed expired cache file: ExperienceAnalyzer_cb792faefa52e4d051743eeeeb1ed0185a0103357929c80bd0ce529eee69ef10.json
2024-11-06 22:39:51,543 - ExperienceAnalyzer - INFO - Extracting categories...
2024-11-06 22:39:52,140 - ExperienceAnalyzer - INFO - Counting mentions...
2024-11-06 22:39:52,399 - ExperienceAnalyzer - INFO - Analyzing sentiment...
2024-11-06 22:39:52,558 - ExperienceAnalyzer - INFO - Analyzing trends...
2024-11-06 22:39:52,558 - ExperienceAnalyzer - WARNING - No date column 'ÆÀÂÛÈÕÆÚ' found for trend analysis
2024-11-06 22:39:52,558 - ExperienceAnalyzer - INFO - Generating insights...
2024-11-06 22:39:52,560 - ExperienceAnalyzer - INFO - Results saved to cache
2024-11-06 23:56:42,302 - ExperienceAnalyzer - INFO - Initializing base analyzer...
2024-11-06 23:56:42,302 - ExperienceAnalyzer - INFO - Checking NLTK resources...
2024-11-06 23:56:42,305 - ExperienceAnalyzer - INFO - Downloading stopwords...
2024-11-06 23:56:42,307 - ExperienceAnalyzer - INFO - Downloading wordnet...
2024-11-06 23:56:42,309 - ExperienceAnalyzer - INFO - Downloading averaged_perceptron_tagger...
2024-11-06 23:56:42,309 - ExperienceAnalyzer - INFO - Initializing utility classes...
2024-11-06 23:56:42,311 - ExperienceAnalyzer - INFO - Initializing spaCy...
2024-11-06 23:56:42,531 - ExperienceAnalyzer - INFO - Base analyzer initialization completed
2024-11-06 23:56:51,697 - ExperienceAnalyzer - INFO - Removed expired cache file: ExperienceAnalyzer_cb792faefa52e4d051743eeeeb1ed0185a0103357929c80bd0ce529eee69ef10.json
2024-11-06 23:56:51,698 - ExperienceAnalyzer - INFO - Extracting categories...
2024-11-06 23:56:52,228 - ExperienceAnalyzer - INFO - Counting mentions...
2024-11-06 23:56:52,463 - ExperienceAnalyzer - INFO - Analyzing sentiment...
2024-11-06 23:56:52,598 - ExperienceAnalyzer - ERROR - Sentiment analysis failed: 'metadata'
2024-11-06 23:56:52,598 - ExperienceAnalyzer - INFO - Analyzing trends...
2024-11-06 23:56:52,600 - ExperienceAnalyzer - INFO - Generating insights...
2024-11-06 23:56:52,602 - ExperienceAnalyzer - INFO - Results saved to cache
