2024-11-06 11:30:12,087 - MotivationAnalyzer - ERROR - Analysis failed: unhashable type: 'list'
2024-11-06 11:39:09,452 - MotivationAnalyzer - ERROR - Analysis failed: unhashable type: 'list'
2024-11-06 11:43:43,396 - MotivationAnalyzer - ERROR - Analysis failed: unhashable type: 'list'
2024-11-06 12:06:02,464 - MotivationAnalyzer - ERROR - Analysis failed: unhashable type: 'list'
2024-11-06 12:20:27,617 - MotivationAnalyzer - INFO - Initializing base analyzer...
2024-11-06 12:20:27,617 - MotivationAnalyzer - INFO - Checking NLTK resources...
2024-11-06 12:20:27,620 - MotivationAnalyzer - INFO - Downloading stopwords...
2024-11-06 12:20:27,621 - MotivationAnalyzer - INFO - Downloading wordnet...
2024-11-06 12:20:27,623 - MotivationAnalyzer - INFO - Downloading averaged_perceptron_tagger...
2024-11-06 12:20:27,623 - MotivationAnalyzer - INFO - Initializing utility classes...
2024-11-06 12:20:27,627 - MotivationAnalyzer - INFO - Initializing spaCy...
2024-11-06 12:20:27,842 - MotivationAnalyzer - INFO - Base analyzer initialization completed
2024-11-06 12:34:52,750 - MotivationAnalyzer - INFO - Initializing base analyzer...
2024-11-06 12:34:52,750 - MotivationAnalyzer - INFO - Checking NLTK resources...
2024-11-06 12:34:52,752 - MotivationAnalyzer - INFO - Downloading stopwords...
2024-11-06 12:34:52,754 - MotivationAnalyzer - INFO - Downloading wordnet...
2024-11-06 12:34:52,756 - MotivationAnalyzer - INFO - Downloading averaged_perceptron_tagger...
2024-11-06 12:34:52,756 - MotivationAnalyzer - INFO - Initializing utility classes...
2024-11-06 12:34:52,761 - MotivationAnalyzer - INFO - Initializing spaCy...
2024-11-06 12:34:52,991 - MotivationAnalyzer - INFO - Base analyzer initialization completed
2024-11-06 12:39:50,291 - MotivationAnalyzer - INFO - Initializing base analyzer...
2024-11-06 12:39:50,291 - MotivationAnalyzer - INFO - Checking NLTK resources...
2024-11-06 12:39:50,293 - MotivationAnalyzer - INFO - Downloading stopwords...
2024-11-06 12:39:50,295 - MotivationAnalyzer - INFO - Downloading wordnet...
2024-11-06 12:39:50,297 - MotivationAnalyzer - INFO - Downloading averaged_perceptron_tagger...
2024-11-06 12:39:50,297 - MotivationAnalyzer - INFO - Initializing utility classes...
2024-11-06 12:39:50,301 - MotivationAnalyzer - INFO - Initializing spaCy...
2024-11-06 12:39:50,513 - MotivationAnalyzer - INFO - Base analyzer initialization completed
2024-11-06 12:44:02,323 - MotivationAnalyzer - INFO - Initializing base analyzer...
2024-11-06 12:44:02,323 - MotivationAnalyzer - INFO - Checking NLTK resources...
2024-11-06 12:44:02,325 - MotivationAnalyzer - INFO - Downloading stopwords...
2024-11-06 12:44:02,327 - MotivationAnalyzer - INFO - Downloading wordnet...
2024-11-06 12:44:02,329 - MotivationAnalyzer - INFO - Downloading averaged_perceptron_tagger...
2024-11-06 12:44:02,329 - MotivationAnalyzer - INFO - Initializing utility classes...
2024-11-06 12:44:02,333 - MotivationAnalyzer - INFO - Initializing spaCy...
2024-11-06 12:44:02,554 - MotivationAnalyzer - INFO - Base analyzer initialization completed
2024-11-06 13:19:06,389 - MotivationAnalyzer - INFO - Initializing base analyzer...
2024-11-06 13:19:06,390 - MotivationAnalyzer - INFO - Checking NLTK resources...
2024-11-06 13:19:06,392 - MotivationAnalyzer - INFO - Downloading stopwords...
2024-11-06 13:19:06,394 - MotivationAnalyzer - INFO - Downloading wordnet...
2024-11-06 13:19:06,397 - MotivationAnalyzer - INFO - Downloading averaged_perceptron_tagger...
2024-11-06 13:19:06,397 - MotivationAnalyzer - INFO - Initializing utility classes...
2024-11-06 13:19:06,399 - MotivationAnalyzer - INFO - Initializing spaCy...
2024-11-06 13:19:06,617 - MotivationAnalyzer - INFO - Base analyzer initialization completed
2024-11-06 13:25:37,958 - MotivationAnalyzer - INFO - Extracting categories...
2024-11-06 13:25:37,993 - MotivationAnalyzer - ERROR - Analysis failed: Category extraction failed: 'MotivationAnalyzer' object has no attribute '_extract_descriptive_phrase'
2024-11-06 13:26:42,567 - MotivationAnalyzer - INFO - Initializing base analyzer...
2024-11-06 13:26:42,567 - MotivationAnalyzer - INFO - Checking NLTK resources...
2024-11-06 13:26:42,570 - MotivationAnalyzer - INFO - Downloading stopwords...
2024-11-06 13:26:42,572 - MotivationAnalyzer - INFO - Downloading wordnet...
2024-11-06 13:26:42,574 - MotivationAnalyzer - INFO - Downloading averaged_perceptron_tagger...
2024-11-06 13:26:42,574 - MotivationAnalyzer - INFO - Initializing utility classes...
2024-11-06 13:26:42,576 - MotivationAnalyzer - INFO - Initializing spaCy...
2024-11-06 13:26:42,792 - MotivationAnalyzer - INFO - Base analyzer initialization completed
2024-11-06 13:32:09,125 - MotivationAnalyzer - INFO - Initializing base analyzer...
2024-11-06 13:32:09,125 - MotivationAnalyzer - INFO - Checking NLTK resources...
2024-11-06 13:32:09,128 - MotivationAnalyzer - INFO - Downloading stopwords...
2024-11-06 13:32:09,130 - MotivationAnalyzer - INFO - Downloading wordnet...
2024-11-06 13:32:09,132 - MotivationAnalyzer - INFO - Downloading averaged_perceptron_tagger...
2024-11-06 13:32:09,132 - MotivationAnalyzer - INFO - Initializing utility classes...
2024-11-06 13:32:09,134 - MotivationAnalyzer - INFO - Initializing spaCy...
2024-11-06 13:32:09,350 - MotivationAnalyzer - INFO - Base analyzer initialization completed
2024-11-06 13:38:16,636 - MotivationAnalyzer - INFO - Initializing base analyzer...
2024-11-06 13:38:16,636 - MotivationAnalyzer - INFO - Checking NLTK resources...
2024-11-06 13:38:16,639 - MotivationAnalyzer - INFO - Downloading stopwords...
2024-11-06 13:38:16,641 - MotivationAnalyzer - INFO - Downloading wordnet...
2024-11-06 13:38:16,643 - MotivationAnalyzer - INFO - Downloading averaged_perceptron_tagger...
2024-11-06 13:38:16,643 - MotivationAnalyzer - INFO - Initializing utility classes...
2024-11-06 13:38:16,645 - MotivationAnalyzer - INFO - Initializing spaCy...
2024-11-06 13:38:16,887 - MotivationAnalyzer - INFO - Base analyzer initialization completed
2024-11-06 13:47:08,535 - MotivationAnalyzer - INFO - Extracting categories...
2024-11-06 13:47:08,610 - MotivationAnalyzer - ERROR - Analysis failed: Category extraction failed: 'MotivationAnalyzer' object has no attribute '_extract_descriptive_phrase'
2024-11-06 14:44:36,927 - MotivationAnalyzer - INFO - Initializing base analyzer...
2024-11-06 14:44:36,927 - MotivationAnalyzer - INFO - Checking NLTK resources...
2024-11-06 14:44:36,932 - MotivationAnalyzer - INFO - Downloading stopwords...
2024-11-06 14:44:36,934 - MotivationAnalyzer - INFO - Downloading wordnet...
2024-11-06 14:44:36,936 - MotivationAnalyzer - INFO - Downloading averaged_perceptron_tagger...
2024-11-06 14:44:36,936 - MotivationAnalyzer - INFO - Initializing utility classes...
2024-11-06 14:44:36,938 - MotivationAnalyzer - INFO - Initializing spaCy...
2024-11-06 14:44:37,161 - MotivationAnalyzer - INFO - Base analyzer initialization completed
2024-11-06 14:44:42,197 - MotivationAnalyzer - INFO - Extracting categories...
2024-11-06 14:44:42,231 - MotivationAnalyzer - ERROR - Analysis failed: Category extraction failed: 'MotivationAnalyzer' object has no attribute '_extract_descriptive_phrase'
2024-11-06 19:36:03,521 - MotivationAnalyzer - INFO - Initializing base analyzer...
2024-11-06 19:36:03,521 - MotivationAnalyzer - INFO - Checking NLTK resources...
2024-11-06 19:36:03,524 - MotivationAnalyzer - INFO - Downloading stopwords...
2024-11-06 19:36:03,526 - MotivationAnalyzer - INFO - Downloading wordnet...
2024-11-06 19:36:03,528 - MotivationAnalyzer - INFO - Downloading averaged_perceptron_tagger...
2024-11-06 19:36:03,528 - MotivationAnalyzer - INFO - Initializing utility classes...
2024-11-06 19:36:03,530 - MotivationAnalyzer - INFO - Initializing spaCy...
2024-11-06 19:36:03,747 - MotivationAnalyzer - INFO - Base analyzer initialization completed
2024-11-06 19:36:11,838 - MotivationAnalyzer - INFO - Extracting categories...
2024-11-06 19:36:12,333 - MotivationAnalyzer - INFO - Counting mentions...
2024-11-06 19:36:12,333 - MotivationAnalyzer - INFO - Analyzing sentiment...
2024-11-06 19:36:12,333 - MotivationAnalyzer - ERROR - Analysis failed: Sentiment analysis failed: Error in sentiment analysis: 'SentimentAnalyzer' object has no attribute 'analyze_batch'
2024-11-06 19:45:05,358 - MotivationAnalyzer - INFO - Initializing base analyzer...
2024-11-06 19:45:05,358 - MotivationAnalyzer - INFO - Checking NLTK resources...
2024-11-06 19:45:05,361 - MotivationAnalyzer - INFO - Downloading stopwords...
2024-11-06 19:45:05,363 - MotivationAnalyzer - INFO - Downloading wordnet...
2024-11-06 19:45:05,366 - MotivationAnalyzer - INFO - Downloading averaged_perceptron_tagger...
2024-11-06 19:45:05,366 - MotivationAnalyzer - INFO - Initializing utility classes...
2024-11-06 19:45:05,368 - MotivationAnalyzer - INFO - Initializing spaCy...
2024-11-06 19:45:05,596 - MotivationAnalyzer - INFO - Base analyzer initialization completed
2024-11-06 19:45:13,807 - MotivationAnalyzer - INFO - Extracting categories...
2024-11-06 19:45:14,300 - MotivationAnalyzer - INFO - Counting mentions...
2024-11-06 19:45:14,300 - MotivationAnalyzer - INFO - Analyzing sentiment...
2024-11-06 19:45:14,300 - MotivationAnalyzer - ERROR - Analysis failed: Sentiment analysis failed: Error in sentiment analysis: 'SentimentAnalyzer' object has no attribute 'analyze_batch'
2024-11-06 19:53:20,088 - MotivationAnalyzer - INFO - Initializing base analyzer...
2024-11-06 19:53:20,088 - MotivationAnalyzer - INFO - Checking NLTK resources...
2024-11-06 19:53:20,091 - MotivationAnalyzer - INFO - Downloading stopwords...
2024-11-06 19:53:20,093 - MotivationAnalyzer - INFO - Downloading wordnet...
2024-11-06 19:53:20,095 - MotivationAnalyzer - INFO - Downloading averaged_perceptron_tagger...
2024-11-06 19:53:20,095 - MotivationAnalyzer - INFO - Initializing utility classes...
2024-11-06 19:53:20,097 - MotivationAnalyzer - INFO - Initializing spaCy...
2024-11-06 19:53:20,321 - MotivationAnalyzer - INFO - Base analyzer initialization completed
2024-11-06 19:53:29,601 - MotivationAnalyzer - INFO - Extracting categories...
2024-11-06 19:53:30,105 - MotivationAnalyzer - INFO - Counting mentions...
2024-11-06 19:53:30,105 - MotivationAnalyzer - INFO - Analyzing sentiment...
2024-11-06 19:53:30,247 - MotivationAnalyzer - INFO - Analyzing trends...
2024-11-06 19:53:30,247 - MotivationAnalyzer - WARNING - No date column found for trend analysis
2024-11-06 19:53:30,247 - MotivationAnalyzer - INFO - Generating insights...
2024-11-06 19:53:30,247 - MotivationAnalyzer - WARNING - Error generating insights: 'MotivationAnalyzer' object has no attribute 'df'
2024-11-06 19:53:30,247 - MotivationAnalyzer - WARNING - Error saving to cache: Object of type datetime is not JSON serializable
2024-11-06 20:00:08,105 - MotivationAnalyzer - INFO - Initializing base analyzer...
2024-11-06 20:00:08,105 - MotivationAnalyzer - INFO - Checking NLTK resources...
2024-11-06 20:00:08,107 - MotivationAnalyzer - INFO - Downloading stopwords...
2024-11-06 20:00:08,109 - MotivationAnalyzer - INFO - Downloading wordnet...
2024-11-06 20:00:08,111 - MotivationAnalyzer - INFO - Downloading averaged_perceptron_tagger...
2024-11-06 20:00:08,112 - MotivationAnalyzer - INFO - Initializing utility classes...
2024-11-06 20:00:08,113 - MotivationAnalyzer - INFO - Initializing spaCy...
2024-11-06 20:00:08,328 - MotivationAnalyzer - INFO - Base analyzer initialization completed
2024-11-06 20:00:17,276 - MotivationAnalyzer - INFO - Using cached result
2024-11-06 20:00:17,277 - MotivationAnalyzer - WARNING - Error reading cache: Expecting value: line 5 column 19 (char 72)
2024-11-06 20:00:17,277 - MotivationAnalyzer - INFO - Extracting categories...
2024-11-06 20:00:17,775 - MotivationAnalyzer - INFO - Counting mentions...
2024-11-06 20:00:17,775 - MotivationAnalyzer - INFO - Analyzing sentiment...
2024-11-06 20:00:17,911 - MotivationAnalyzer - INFO - Analyzing trends...
2024-11-06 20:00:17,911 - MotivationAnalyzer - WARNING - No date column found for trend analysis
2024-11-06 20:00:17,912 - MotivationAnalyzer - INFO - Generating insights...
2024-11-06 20:00:17,913 - MotivationAnalyzer - INFO - Results saved to cache
2024-11-06 21:35:48,377 - MotivationAnalyzer - INFO - Initializing base analyzer...
2024-11-06 21:35:48,377 - MotivationAnalyzer - INFO - Checking NLTK resources...
2024-11-06 21:35:48,380 - MotivationAnalyzer - INFO - Downloading stopwords...
2024-11-06 21:35:48,382 - MotivationAnalyzer - INFO - Downloading wordnet...
2024-11-06 21:35:48,384 - MotivationAnalyzer - INFO - Downloading averaged_perceptron_tagger...
2024-11-06 21:35:48,384 - MotivationAnalyzer - INFO - Initializing utility classes...
2024-11-06 21:35:48,386 - MotivationAnalyzer - INFO - Initializing spaCy...
2024-11-06 21:35:48,610 - MotivationAnalyzer - INFO - Base analyzer initialization completed
2024-11-06 21:35:58,691 - MotivationAnalyzer - INFO - Removed expired cache file: MotivationAnalyzer_3b6b00fba1b809e539cfa9f043b7e0d7b685acb5309c9809c67de8c6ac6f29e3.json
2024-11-06 21:35:58,692 - MotivationAnalyzer - INFO - Extracting categories...
2024-11-06 21:35:59,245 - MotivationAnalyzer - INFO - Counting mentions...
2024-11-06 21:35:59,245 - MotivationAnalyzer - INFO - Analyzing sentiment...
2024-11-06 21:35:59,405 - MotivationAnalyzer - INFO - Analyzing trends...
2024-11-06 21:35:59,405 - MotivationAnalyzer - WARNING - No date column found for trend analysis
2024-11-06 21:35:59,405 - MotivationAnalyzer - INFO - Generating insights...
2024-11-06 21:35:59,407 - MotivationAnalyzer - INFO - Results saved to cache
2024-11-06 22:13:46,298 - MotivationAnalyzer - INFO - Initializing base analyzer...
2024-11-06 22:13:46,299 - MotivationAnalyzer - INFO - Checking NLTK resources...
2024-11-06 22:13:46,301 - MotivationAnalyzer - INFO - Downloading stopwords...
2024-11-06 22:13:46,304 - MotivationAnalyzer - INFO - Downloading wordnet...
2024-11-06 22:13:46,306 - MotivationAnalyzer - INFO - Downloading averaged_perceptron_tagger...
2024-11-06 22:13:46,306 - MotivationAnalyzer - INFO - Initializing utility classes...
2024-11-06 22:13:46,308 - MotivationAnalyzer - INFO - Initializing spaCy...
2024-11-06 22:13:46,528 - MotivationAnalyzer - INFO - Base analyzer initialization completed
2024-11-06 22:16:22,024 - MotivationAnalyzer - INFO - Initializing base analyzer...
2024-11-06 22:16:22,025 - MotivationAnalyzer - INFO - Checking NLTK resources...
2024-11-06 22:16:22,027 - MotivationAnalyzer - INFO - Downloading stopwords...
2024-11-06 22:16:22,030 - MotivationAnalyzer - INFO - Downloading wordnet...
2024-11-06 22:16:22,032 - MotivationAnalyzer - INFO - Downloading averaged_perceptron_tagger...
2024-11-06 22:16:22,032 - MotivationAnalyzer - INFO - Initializing utility classes...
2024-11-06 22:16:22,034 - MotivationAnalyzer - INFO - Initializing spaCy...
2024-11-06 22:16:22,257 - MotivationAnalyzer - INFO - Base analyzer initialization completed
2024-11-06 22:39:38,055 - MotivationAnalyzer - INFO - Initializing base analyzer...
2024-11-06 22:39:38,055 - MotivationAnalyzer - INFO - Checking NLTK resources...
2024-11-06 22:39:38,058 - MotivationAnalyzer - INFO - Downloading stopwords...
2024-11-06 22:39:38,060 - MotivationAnalyzer - INFO - Downloading wordnet...
2024-11-06 22:39:38,062 - MotivationAnalyzer - INFO - Downloading averaged_perceptron_tagger...
2024-11-06 22:39:38,062 - MotivationAnalyzer - INFO - Initializing utility classes...
2024-11-06 22:39:38,064 - MotivationAnalyzer - INFO - Initializing spaCy...
2024-11-06 22:39:38,285 - MotivationAnalyzer - INFO - Base analyzer initialization completed
2024-11-06 22:39:50,801 - MotivationAnalyzer - INFO - Removed expired cache file: MotivationAnalyzer_3b6b00fba1b809e539cfa9f043b7e0d7b685acb5309c9809c67de8c6ac6f29e3.json
2024-11-06 22:39:50,803 - MotivationAnalyzer - INFO - Extracting categories...
2024-11-06 22:39:51,380 - MotivationAnalyzer - INFO - Counting mentions...
2024-11-06 22:39:51,380 - MotivationAnalyzer - INFO - Analyzing sentiment...
2024-11-06 22:39:51,539 - MotivationAnalyzer - INFO - Analyzing trends...
2024-11-06 22:39:51,539 - MotivationAnalyzer - WARNING - No date column 'ÆÀÂÛÈÕÆÚ' found for trend analysis
2024-11-06 22:39:51,539 - MotivationAnalyzer - INFO - Generating insights...
2024-11-06 22:39:51,540 - MotivationAnalyzer - INFO - Results saved to cache
2024-11-06 23:56:41,862 - MotivationAnalyzer - INFO - Initializing base analyzer...
2024-11-06 23:56:41,862 - MotivationAnalyzer - INFO - Checking NLTK resources...
2024-11-06 23:56:41,865 - MotivationAnalyzer - INFO - Downloading stopwords...
2024-11-06 23:56:41,867 - MotivationAnalyzer - INFO - Downloading wordnet...
2024-11-06 23:56:41,869 - MotivationAnalyzer - INFO - Downloading averaged_perceptron_tagger...
2024-11-06 23:56:41,869 - MotivationAnalyzer - INFO - Initializing utility classes...
2024-11-06 23:56:41,871 - MotivationAnalyzer - INFO - Initializing spaCy...
2024-11-06 23:56:42,085 - MotivationAnalyzer - INFO - Base analyzer initialization completed
2024-11-06 23:56:51,058 - MotivationAnalyzer - INFO - Removed expired cache file: MotivationAnalyzer_3b6b00fba1b809e539cfa9f043b7e0d7b685acb5309c9809c67de8c6ac6f29e3.json
2024-11-06 23:56:51,059 - MotivationAnalyzer - INFO - Extracting categories...
2024-11-06 23:56:51,554 - MotivationAnalyzer - INFO - Counting mentions...
2024-11-06 23:56:51,554 - MotivationAnalyzer - INFO - Analyzing sentiment...
2024-11-06 23:56:51,693 - MotivationAnalyzer - ERROR - Sentiment analysis failed: 'metadata'
2024-11-06 23:56:51,693 - MotivationAnalyzer - INFO - Analyzing trends...
2024-11-06 23:56:51,694 - MotivationAnalyzer - INFO - Generating insights...
2024-11-06 23:56:51,695 - MotivationAnalyzer - INFO - Results saved to cache
