2024-11-06 11:30:12,060 - PurposeAnalyzer - ERROR - Analysis failed: unhashable type: 'list'
2024-11-06 11:39:09,421 - PurposeAnalyzer - ERROR - Analysis failed: unhashable type: 'list'
2024-11-06 11:43:43,367 - PurposeAnalyzer - ERROR - Analysis failed: unhashable type: 'list'
2024-11-06 12:06:02,433 - PurposeAnalyzer - ERROR - Analysis failed: unhashable type: 'list'
2024-11-06 12:20:26,948 - PurposeAnalyzer - INFO - Initializing base analyzer...
2024-11-06 12:20:26,948 - PurposeAnalyzer - INFO - Checking NLTK resources...
2024-11-06 12:20:26,951 - PurposeAnalyzer - INFO - Downloading stopwords...
2024-11-06 12:20:26,953 - PurposeAnalyzer - INFO - Downloading wordnet...
2024-11-06 12:20:26,954 - PurposeAnalyzer - INFO - Downloading averaged_perceptron_tagger...
2024-11-06 12:20:26,955 - PurposeAnalyzer - INFO - Initializing utility classes...
2024-11-06 12:20:26,959 - PurposeAnalyzer - INFO - Initializing spaCy...
2024-11-06 12:20:27,172 - PurposeAnalyzer - INFO - Base analyzer initialization completed
2024-11-06 12:34:51,978 - PurposeAnalyzer - INFO - Initializing base analyzer...
2024-11-06 12:34:51,978 - PurposeAnalyzer - INFO - Checking NLTK resources...
2024-11-06 12:34:51,980 - PurposeAnalyzer - INFO - Downloading stopwords...
2024-11-06 12:34:51,982 - PurposeAnalyzer - INFO - Downloading wordnet...
2024-11-06 12:34:51,984 - PurposeAnalyzer - INFO - Downloading averaged_perceptron_tagger...
2024-11-06 12:34:51,984 - PurposeAnalyzer - INFO - Initializing utility classes...
2024-11-06 12:34:51,989 - PurposeAnalyzer - INFO - Initializing spaCy...
2024-11-06 12:34:52,268 - PurposeAnalyzer - INFO - Base analyzer initialization completed
2024-11-06 12:39:49,619 - PurposeAnalyzer - INFO - Initializing base analyzer...
2024-11-06 12:39:49,619 - PurposeAnalyzer - INFO - Checking NLTK resources...
2024-11-06 12:39:49,621 - PurposeAnalyzer - INFO - Downloading stopwords...
2024-11-06 12:39:49,623 - PurposeAnalyzer - INFO - Downloading wordnet...
2024-11-06 12:39:49,625 - PurposeAnalyzer - INFO - Downloading averaged_perceptron_tagger...
2024-11-06 12:39:49,625 - PurposeAnalyzer - INFO - Initializing utility classes...
2024-11-06 12:39:49,629 - PurposeAnalyzer - INFO - Initializing spaCy...
2024-11-06 12:39:49,841 - PurposeAnalyzer - INFO - Base analyzer initialization completed
2024-11-06 12:44:01,638 - PurposeAnalyzer - INFO - Initializing base analyzer...
2024-11-06 12:44:01,638 - PurposeAnalyzer - INFO - Checking NLTK resources...
2024-11-06 12:44:01,640 - PurposeAnalyzer - INFO - Downloading stopwords...
2024-11-06 12:44:01,642 - PurposeAnalyzer - INFO - Downloading wordnet...
2024-11-06 12:44:01,644 - PurposeAnalyzer - INFO - Downloading averaged_perceptron_tagger...
2024-11-06 12:44:01,644 - PurposeAnalyzer - INFO - Initializing utility classes...
2024-11-06 12:44:01,648 - PurposeAnalyzer - INFO - Initializing spaCy...
2024-11-06 12:44:01,867 - PurposeAnalyzer - INFO - Base analyzer initialization completed
2024-11-06 13:19:05,708 - PurposeAnalyzer - INFO - Initializing base analyzer...
2024-11-06 13:19:05,708 - PurposeAnalyzer - INFO - Checking NLTK resources...
2024-11-06 13:19:05,711 - PurposeAnalyzer - INFO - Downloading stopwords...
2024-11-06 13:19:05,714 - PurposeAnalyzer - INFO - Downloading wordnet...
2024-11-06 13:19:05,716 - PurposeAnalyzer - INFO - Downloading averaged_perceptron_tagger...
2024-11-06 13:19:05,716 - PurposeAnalyzer - INFO - Initializing utility classes...
2024-11-06 13:19:05,718 - PurposeAnalyzer - INFO - Initializing spaCy...
2024-11-06 13:19:05,938 - PurposeAnalyzer - INFO - Base analyzer initialization completed
2024-11-06 13:23:31,619 - PurposeAnalyzer - INFO - Extracting categories...
2024-11-06 13:24:17,896 - PurposeAnalyzer - INFO - Counting mentions...
2024-11-06 13:24:29,170 - PurposeAnalyzer - INFO - Analyzing sentiment...
2024-11-06 13:24:29,170 - PurposeAnalyzer - INFO - Analyzing trends...
2024-11-06 13:24:29,170 - PurposeAnalyzer - WARNING - No date column found for trend analysis
2024-11-06 13:24:29,170 - PurposeAnalyzer - INFO - Generating insights...
2024-11-06 13:24:29,171 - PurposeAnalyzer - ERROR - Analysis failed: Insight generation failed: 'PurposeAnalyzer' object has no attribute '_generate_insights'
2024-11-06 13:26:41,901 - PurposeAnalyzer - INFO - Initializing base analyzer...
2024-11-06 13:26:41,901 - PurposeAnalyzer - INFO - Checking NLTK resources...
2024-11-06 13:26:41,904 - PurposeAnalyzer - INFO - Downloading stopwords...
2024-11-06 13:26:41,906 - PurposeAnalyzer - INFO - Downloading wordnet...
2024-11-06 13:26:41,908 - PurposeAnalyzer - INFO - Downloading averaged_perceptron_tagger...
2024-11-06 13:26:41,908 - PurposeAnalyzer - INFO - Initializing utility classes...
2024-11-06 13:26:41,910 - PurposeAnalyzer - INFO - Initializing spaCy...
2024-11-06 13:26:42,125 - PurposeAnalyzer - INFO - Base analyzer initialization completed
2024-11-06 13:31:30,505 - PurposeAnalyzer - INFO - Extracting categories...
2024-11-06 13:32:08,457 - PurposeAnalyzer - INFO - Initializing base analyzer...
2024-11-06 13:32:08,457 - PurposeAnalyzer - INFO - Checking NLTK resources...
2024-11-06 13:32:08,460 - PurposeAnalyzer - INFO - Downloading stopwords...
2024-11-06 13:32:08,462 - PurposeAnalyzer - INFO - Downloading wordnet...
2024-11-06 13:32:08,464 - PurposeAnalyzer - INFO - Downloading averaged_perceptron_tagger...
2024-11-06 13:32:08,464 - PurposeAnalyzer - INFO - Initializing utility classes...
2024-11-06 13:32:08,466 - PurposeAnalyzer - INFO - Initializing spaCy...
2024-11-06 13:32:08,683 - PurposeAnalyzer - INFO - Base analyzer initialization completed
2024-11-06 13:36:44,227 - PurposeAnalyzer - INFO - Extracting categories...
2024-11-06 13:37:12,752 - PurposeAnalyzer - INFO - Counting mentions...
2024-11-06 13:37:23,795 - PurposeAnalyzer - INFO - Analyzing sentiment...
2024-11-06 13:37:23,795 - PurposeAnalyzer - INFO - Analyzing trends...
2024-11-06 13:37:23,795 - PurposeAnalyzer - WARNING - No date column found for trend analysis
2024-11-06 13:37:23,795 - PurposeAnalyzer - INFO - Generating insights...
2024-11-06 13:37:23,795 - PurposeAnalyzer - ERROR - Analysis failed: Insight generation failed: 'PurposeAnalyzer' object has no attribute '_generate_insights'
2024-11-06 13:38:15,921 - PurposeAnalyzer - INFO - Initializing base analyzer...
2024-11-06 13:38:15,921 - PurposeAnalyzer - INFO - Checking NLTK resources...
2024-11-06 13:38:15,923 - PurposeAnalyzer - INFO - Downloading stopwords...
2024-11-06 13:38:15,925 - PurposeAnalyzer - INFO - Downloading wordnet...
2024-11-06 13:38:15,928 - PurposeAnalyzer - INFO - Downloading averaged_perceptron_tagger...
2024-11-06 13:38:15,928 - PurposeAnalyzer - INFO - Initializing utility classes...
2024-11-06 13:38:15,930 - PurposeAnalyzer - INFO - Initializing spaCy...
2024-11-06 13:38:16,162 - PurposeAnalyzer - INFO - Base analyzer initialization completed
2024-11-06 13:43:54,033 - PurposeAnalyzer - INFO - Extracting categories...
2024-11-06 13:44:53,767 - PurposeAnalyzer - INFO - Counting mentions...
2024-11-06 13:45:13,587 - PurposeAnalyzer - INFO - Analyzing sentiment...
2024-11-06 13:45:13,587 - PurposeAnalyzer - INFO - Analyzing trends...
2024-11-06 13:45:13,587 - PurposeAnalyzer - WARNING - No date column found for trend analysis
2024-11-06 13:45:13,587 - PurposeAnalyzer - INFO - Generating insights...
2024-11-06 13:45:13,587 - PurposeAnalyzer - ERROR - Analysis failed: Insight generation failed: 'PurposeAnalyzer' object has no attribute '_generate_insights'
2024-11-06 14:44:36,254 - PurposeAnalyzer - INFO - Initializing base analyzer...
2024-11-06 14:44:36,254 - PurposeAnalyzer - INFO - Checking NLTK resources...
2024-11-06 14:44:36,256 - PurposeAnalyzer - INFO - Downloading stopwords...
2024-11-06 14:44:36,258 - PurposeAnalyzer - INFO - Downloading wordnet...
2024-11-06 14:44:36,261 - PurposeAnalyzer - INFO - Downloading averaged_perceptron_tagger...
2024-11-06 14:44:36,261 - PurposeAnalyzer - INFO - Initializing utility classes...
2024-11-06 14:44:36,262 - PurposeAnalyzer - INFO - Initializing spaCy...
2024-11-06 14:44:36,479 - PurposeAnalyzer - INFO - Base analyzer initialization completed
2024-11-06 14:44:41,302 - PurposeAnalyzer - INFO - Extracting categories...
2024-11-06 14:44:41,455 - PurposeAnalyzer - INFO - Counting mentions...
2024-11-06 14:44:41,455 - PurposeAnalyzer - INFO - Analyzing sentiment...
2024-11-06 14:44:41,455 - PurposeAnalyzer - INFO - Analyzing trends...
2024-11-06 14:44:41,455 - PurposeAnalyzer - WARNING - No date column found for trend analysis
2024-11-06 14:44:41,455 - PurposeAnalyzer - INFO - Generating insights...
2024-11-06 14:44:41,455 - PurposeAnalyzer - WARNING - Error generating insights: 'PurposeAnalyzer' object has no attribute 'df'
2024-11-06 14:44:41,456 - PurposeAnalyzer - WARNING - Error saving to cache: Object of type datetime is not JSON serializable
2024-11-06 19:36:02,787 - PurposeAnalyzer - INFO - Initializing base analyzer...
2024-11-06 19:36:02,787 - PurposeAnalyzer - INFO - Checking NLTK resources...
2024-11-06 19:36:02,790 - PurposeAnalyzer - INFO - Downloading stopwords...
2024-11-06 19:36:02,792 - PurposeAnalyzer - INFO - Downloading wordnet...
2024-11-06 19:36:02,794 - PurposeAnalyzer - INFO - Downloading averaged_perceptron_tagger...
2024-11-06 19:36:02,794 - PurposeAnalyzer - INFO - Initializing utility classes...
2024-11-06 19:36:02,796 - PurposeAnalyzer - INFO - Initializing spaCy...
2024-11-06 19:36:03,016 - PurposeAnalyzer - INFO - Base analyzer initialization completed
2024-11-06 19:36:10,442 - PurposeAnalyzer - INFO - Removed expired cache file: PurposeAnalyzer_39ffd7aff3b08426cefeb76491290d7bbc5502b5a4e91c3d66f0e473b20a4ac8.json
2024-11-06 19:36:10,443 - PurposeAnalyzer - INFO - Extracting categories...
2024-11-06 19:36:10,943 - PurposeAnalyzer - INFO - Counting mentions...
2024-11-06 19:36:11,053 - PurposeAnalyzer - INFO - Analyzing sentiment...
2024-11-06 19:36:11,053 - PurposeAnalyzer - ERROR - Analysis failed: Sentiment analysis failed: Error in sentiment analysis: 'SentimentAnalyzer' object has no attribute 'analyze_batch'
2024-11-06 19:45:04,590 - PurposeAnalyzer - INFO - Initializing base analyzer...
2024-11-06 19:45:04,590 - PurposeAnalyzer - INFO - Checking NLTK resources...
2024-11-06 19:45:04,593 - PurposeAnalyzer - INFO - Downloading stopwords...
2024-11-06 19:45:04,595 - PurposeAnalyzer - INFO - Downloading wordnet...
2024-11-06 19:45:04,597 - PurposeAnalyzer - INFO - Downloading averaged_perceptron_tagger...
2024-11-06 19:45:04,597 - PurposeAnalyzer - INFO - Initializing utility classes...
2024-11-06 19:45:04,599 - PurposeAnalyzer - INFO - Initializing spaCy...
2024-11-06 19:45:04,823 - PurposeAnalyzer - INFO - Base analyzer initialization completed
2024-11-06 19:45:12,415 - PurposeAnalyzer - INFO - Extracting categories...
2024-11-06 19:45:12,906 - PurposeAnalyzer - INFO - Counting mentions...
2024-11-06 19:45:13,015 - PurposeAnalyzer - INFO - Analyzing sentiment...
2024-11-06 19:45:13,015 - PurposeAnalyzer - ERROR - Analysis failed: Sentiment analysis failed: Error in sentiment analysis: 'SentimentAnalyzer' object has no attribute 'analyze_batch'
2024-11-06 19:53:19,308 - PurposeAnalyzer - INFO - Initializing base analyzer...
2024-11-06 19:53:19,309 - PurposeAnalyzer - INFO - Checking NLTK resources...
2024-11-06 19:53:19,311 - PurposeAnalyzer - INFO - Downloading stopwords...
2024-11-06 19:53:19,314 - PurposeAnalyzer - INFO - Downloading wordnet...
2024-11-06 19:53:19,316 - PurposeAnalyzer - INFO - Downloading averaged_perceptron_tagger...
2024-11-06 19:53:19,316 - PurposeAnalyzer - INFO - Initializing utility classes...
2024-11-06 19:53:19,318 - PurposeAnalyzer - INFO - Initializing spaCy...
2024-11-06 19:53:19,538 - PurposeAnalyzer - INFO - Base analyzer initialization completed
2024-11-06 19:53:28,006 - PurposeAnalyzer - INFO - Extracting categories...
2024-11-06 19:53:28,505 - PurposeAnalyzer - INFO - Counting mentions...
2024-11-06 19:53:28,616 - PurposeAnalyzer - INFO - Analyzing sentiment...
2024-11-06 19:53:28,755 - PurposeAnalyzer - INFO - Analyzing trends...
2024-11-06 19:53:28,755 - PurposeAnalyzer - WARNING - No date column found for trend analysis
2024-11-06 19:53:28,755 - PurposeAnalyzer - INFO - Generating insights...
2024-11-06 19:53:28,755 - PurposeAnalyzer - WARNING - Error generating insights: 'PurposeAnalyzer' object has no attribute 'df'
2024-11-06 19:53:28,756 - PurposeAnalyzer - WARNING - Error saving to cache: Object of type datetime is not JSON serializable
2024-11-06 20:00:07,390 - PurposeAnalyzer - INFO - Initializing base analyzer...
2024-11-06 20:00:07,390 - PurposeAnalyzer - INFO - Checking NLTK resources...
2024-11-06 20:00:07,392 - PurposeAnalyzer - INFO - Downloading stopwords...
2024-11-06 20:00:07,394 - PurposeAnalyzer - INFO - Downloading wordnet...
2024-11-06 20:00:07,396 - PurposeAnalyzer - INFO - Downloading averaged_perceptron_tagger...
2024-11-06 20:00:07,396 - PurposeAnalyzer - INFO - Initializing utility classes...
2024-11-06 20:00:07,398 - PurposeAnalyzer - INFO - Initializing spaCy...
2024-11-06 20:00:07,612 - PurposeAnalyzer - INFO - Base analyzer initialization completed
2024-11-06 20:00:15,681 - PurposeAnalyzer - INFO - Using cached result
2024-11-06 20:00:15,681 - PurposeAnalyzer - WARNING - Error reading cache: Expecting value: line 5 column 19 (char 72)
2024-11-06 20:00:15,681 - PurposeAnalyzer - INFO - Extracting categories...
2024-11-06 20:00:16,177 - PurposeAnalyzer - INFO - Counting mentions...
2024-11-06 20:00:16,286 - PurposeAnalyzer - INFO - Analyzing sentiment...
2024-11-06 20:00:16,421 - PurposeAnalyzer - INFO - Analyzing trends...
2024-11-06 20:00:16,421 - PurposeAnalyzer - WARNING - No date column found for trend analysis
2024-11-06 20:00:16,421 - PurposeAnalyzer - INFO - Generating insights...
2024-11-06 20:00:16,423 - PurposeAnalyzer - INFO - Results saved to cache
2024-11-06 21:35:47,648 - PurposeAnalyzer - INFO - Initializing base analyzer...
2024-11-06 21:35:47,648 - PurposeAnalyzer - INFO - Checking NLTK resources...
2024-11-06 21:35:47,650 - PurposeAnalyzer - INFO - Downloading stopwords...
2024-11-06 21:35:47,653 - PurposeAnalyzer - INFO - Downloading wordnet...
2024-11-06 21:35:47,655 - PurposeAnalyzer - INFO - Downloading averaged_perceptron_tagger...
2024-11-06 21:35:47,655 - PurposeAnalyzer - INFO - Initializing utility classes...
2024-11-06 21:35:47,657 - PurposeAnalyzer - INFO - Initializing spaCy...
2024-11-06 21:35:47,874 - PurposeAnalyzer - INFO - Base analyzer initialization completed
2024-11-06 21:35:56,934 - PurposeAnalyzer - INFO - Removed expired cache file: PurposeAnalyzer_d3ee4c0a3b9c1441515a352475c9f1446b4cf10d53a04658ce38f7382af1a527.json
2024-11-06 21:35:56,935 - PurposeAnalyzer - INFO - Extracting categories...
2024-11-06 21:35:57,481 - PurposeAnalyzer - INFO - Counting mentions...
2024-11-06 21:35:57,604 - PurposeAnalyzer - INFO - Analyzing sentiment...
2024-11-06 21:35:57,759 - PurposeAnalyzer - INFO - Analyzing trends...
2024-11-06 21:35:57,759 - PurposeAnalyzer - WARNING - No date column found for trend analysis
2024-11-06 21:35:57,759 - PurposeAnalyzer - INFO - Generating insights...
2024-11-06 21:35:57,760 - PurposeAnalyzer - INFO - Results saved to cache
2024-11-06 22:13:45,518 - PurposeAnalyzer - INFO - Initializing base analyzer...
2024-11-06 22:13:45,519 - PurposeAnalyzer - INFO - Checking NLTK resources...
2024-11-06 22:13:45,521 - PurposeAnalyzer - INFO - Downloading stopwords...
2024-11-06 22:13:45,523 - PurposeAnalyzer - INFO - Downloading wordnet...
2024-11-06 22:13:45,526 - PurposeAnalyzer - INFO - Downloading averaged_perceptron_tagger...
2024-11-06 22:13:45,526 - PurposeAnalyzer - INFO - Initializing utility classes...
2024-11-06 22:13:45,528 - PurposeAnalyzer - INFO - Initializing spaCy...
2024-11-06 22:13:45,756 - PurposeAnalyzer - INFO - Base analyzer initialization completed
2024-11-06 22:16:21,282 - PurposeAnalyzer - INFO - Initializing base analyzer...
2024-11-06 22:16:21,282 - PurposeAnalyzer - INFO - Checking NLTK resources...
2024-11-06 22:16:21,284 - PurposeAnalyzer - INFO - Downloading stopwords...
2024-11-06 22:16:21,286 - PurposeAnalyzer - INFO - Downloading wordnet...
2024-11-06 22:16:21,289 - PurposeAnalyzer - INFO - Downloading averaged_perceptron_tagger...
2024-11-06 22:16:21,289 - PurposeAnalyzer - INFO - Initializing utility classes...
2024-11-06 22:16:21,291 - PurposeAnalyzer - INFO - Initializing spaCy...
2024-11-06 22:16:21,515 - PurposeAnalyzer - INFO - Base analyzer initialization completed
2024-11-06 22:39:37,318 - PurposeAnalyzer - INFO - Initializing base analyzer...
2024-11-06 22:39:37,318 - PurposeAnalyzer - INFO - Checking NLTK resources...
2024-11-06 22:39:37,321 - PurposeAnalyzer - INFO - Downloading stopwords...
2024-11-06 22:39:37,323 - PurposeAnalyzer - INFO - Downloading wordnet...
2024-11-06 22:39:37,325 - PurposeAnalyzer - INFO - Downloading averaged_perceptron_tagger...
2024-11-06 22:39:37,325 - PurposeAnalyzer - INFO - Initializing utility classes...
2024-11-06 22:39:37,327 - PurposeAnalyzer - INFO - Initializing spaCy...
2024-11-06 22:39:37,552 - PurposeAnalyzer - INFO - Base analyzer initialization completed
2024-11-06 22:39:49,002 - PurposeAnalyzer - INFO - Removed expired cache file: PurposeAnalyzer_d3ee4c0a3b9c1441515a352475c9f1446b4cf10d53a04658ce38f7382af1a527.json
2024-11-06 22:39:49,003 - PurposeAnalyzer - INFO - Extracting categories...
2024-11-06 22:39:49,547 - PurposeAnalyzer - INFO - Counting mentions...
2024-11-06 22:39:49,672 - PurposeAnalyzer - INFO - Analyzing sentiment...
2024-11-06 22:39:49,829 - PurposeAnalyzer - INFO - Analyzing trends...
2024-11-06 22:39:49,829 - PurposeAnalyzer - WARNING - No date column 'ÆÀÂÛÈÕÆÚ' found for trend analysis
2024-11-06 22:39:49,829 - PurposeAnalyzer - INFO - Generating insights...
2024-11-06 22:39:49,831 - PurposeAnalyzer - INFO - Results saved to cache
2024-11-06 23:56:41,123 - PurposeAnalyzer - INFO - Initializing base analyzer...
2024-11-06 23:56:41,123 - PurposeAnalyzer - INFO - Checking NLTK resources...
2024-11-06 23:56:41,126 - PurposeAnalyzer - INFO - Downloading stopwords...
2024-11-06 23:56:41,128 - PurposeAnalyzer - INFO - Downloading wordnet...
2024-11-06 23:56:41,130 - PurposeAnalyzer - INFO - Downloading averaged_perceptron_tagger...
2024-11-06 23:56:41,130 - PurposeAnalyzer - INFO - Initializing utility classes...
2024-11-06 23:56:41,132 - PurposeAnalyzer - INFO - Initializing spaCy...
2024-11-06 23:56:41,365 - PurposeAnalyzer - INFO - Base analyzer initialization completed
2024-11-06 23:56:49,446 - PurposeAnalyzer - INFO - Removed expired cache file: PurposeAnalyzer_d3ee4c0a3b9c1441515a352475c9f1446b4cf10d53a04658ce38f7382af1a527.json
2024-11-06 23:56:49,447 - PurposeAnalyzer - INFO - Extracting categories...
2024-11-06 23:56:49,946 - PurposeAnalyzer - INFO - Counting mentions...
2024-11-06 23:56:50,060 - PurposeAnalyzer - INFO - Analyzing sentiment...
2024-11-06 23:56:50,203 - PurposeAnalyzer - ERROR - Sentiment analysis failed: 'metadata'
2024-11-06 23:56:50,203 - PurposeAnalyzer - INFO - Analyzing trends...
2024-11-06 23:56:50,204 - PurposeAnalyzer - INFO - Generating insights...
2024-11-06 23:56:50,206 - PurposeAnalyzer - INFO - Results saved to cache
