2024-11-06 11:30:12,073 - ScenarioAnalyzer - ERROR - Analysis failed: unhashable type: 'list'
2024-11-06 11:39:09,436 - ScenarioAnalyzer - ERROR - Analysis failed: unhashable type: 'list'
2024-11-06 11:43:43,382 - ScenarioAnalyzer - ERROR - Analysis failed: unhashable type: 'list'
2024-11-06 12:06:02,449 - ScenarioAnalyzer - ERROR - Analysis failed: unhashable type: 'list'
2024-11-06 12:20:27,172 - ScenarioAnalyzer - INFO - Initializing base analyzer...
2024-11-06 12:20:27,172 - ScenarioAnalyzer - INFO - Checking NLTK resources...
2024-11-06 12:20:27,175 - ScenarioAnalyzer - INFO - Downloading stopwords...
2024-11-06 12:20:27,177 - ScenarioAnalyzer - INFO - Downloading wordnet...
2024-11-06 12:20:27,178 - ScenarioAnalyzer - INFO - Downloading averaged_perceptron_tagger...
2024-11-06 12:20:27,179 - ScenarioAnalyzer - INFO - Initializing utility classes...
2024-11-06 12:20:27,183 - ScenarioAnalyzer - INFO - Initializing spaCy...
2024-11-06 12:20:27,397 - ScenarioAnalyzer - INFO - Base analyzer initialization completed
2024-11-06 12:34:52,269 - ScenarioAnalyzer - INFO - Initializing base analyzer...
2024-11-06 12:34:52,269 - ScenarioAnalyzer - INFO - Checking NLTK resources...
2024-11-06 12:34:52,271 - ScenarioAnalyzer - INFO - Downloading stopwords...
2024-11-06 12:34:52,275 - ScenarioAnalyzer - INFO - Downloading wordnet...
2024-11-06 12:34:52,277 - ScenarioAnalyzer - INFO - Downloading averaged_perceptron_tagger...
2024-11-06 12:34:52,277 - ScenarioAnalyzer - INFO - Initializing utility classes...
2024-11-06 12:34:52,281 - ScenarioAnalyzer - INFO - Initializing spaCy...
2024-11-06 12:34:52,516 - ScenarioAnalyzer - INFO - Base analyzer initialization completed
2024-11-06 12:39:49,842 - ScenarioAnalyzer - INFO - Initializing base analyzer...
2024-11-06 12:39:49,842 - ScenarioAnalyzer - INFO - Checking NLTK resources...
2024-11-06 12:39:49,844 - ScenarioAnalyzer - INFO - Downloading stopwords...
2024-11-06 12:39:49,846 - ScenarioAnalyzer - INFO - Downloading wordnet...
2024-11-06 12:39:49,849 - ScenarioAnalyzer - INFO - Downloading averaged_perceptron_tagger...
2024-11-06 12:39:49,849 - ScenarioAnalyzer - INFO - Initializing utility classes...
2024-11-06 12:39:49,854 - ScenarioAnalyzer - INFO - Initializing spaCy...
2024-11-06 12:39:50,075 - ScenarioAnalyzer - INFO - Base analyzer initialization completed
2024-11-06 12:44:01,868 - ScenarioAnalyzer - INFO - Initializing base analyzer...
2024-11-06 12:44:01,868 - ScenarioAnalyzer - INFO - Checking NLTK resources...
2024-11-06 12:44:01,870 - ScenarioAnalyzer - INFO - Downloading stopwords...
2024-11-06 12:44:01,872 - ScenarioAnalyzer - INFO - Downloading wordnet...
2024-11-06 12:44:01,874 - ScenarioAnalyzer - INFO - Downloading averaged_perceptron_tagger...
2024-11-06 12:44:01,874 - ScenarioAnalyzer - INFO - Initializing utility classes...
2024-11-06 12:44:01,878 - ScenarioAnalyzer - INFO - Initializing spaCy...
2024-11-06 12:44:02,101 - ScenarioAnalyzer - INFO - Base analyzer initialization completed
2024-11-06 13:19:05,938 - ScenarioAnalyzer - INFO - Initializing base analyzer...
2024-11-06 13:19:05,938 - ScenarioAnalyzer - INFO - Checking NLTK resources...
2024-11-06 13:19:05,941 - ScenarioAnalyzer - INFO - Downloading stopwords...
2024-11-06 13:19:05,943 - ScenarioAnalyzer - INFO - Downloading wordnet...
2024-11-06 13:19:05,946 - ScenarioAnalyzer - INFO - Downloading averaged_perceptron_tagger...
2024-11-06 13:19:05,946 - ScenarioAnalyzer - INFO - Initializing utility classes...
2024-11-06 13:19:05,948 - ScenarioAnalyzer - INFO - Initializing spaCy...
2024-11-06 13:19:06,165 - ScenarioAnalyzer - INFO - Base analyzer initialization completed
2024-11-06 13:24:29,174 - ScenarioAnalyzer - INFO - Extracting categories...
2024-11-06 13:24:58,834 - ScenarioAnalyzer - INFO - Counting mentions...
2024-11-06 13:25:37,283 - ScenarioAnalyzer - INFO - Analyzing sentiment...
2024-11-06 13:25:37,883 - ScenarioAnalyzer - WARNING - Error analyzing sentiment: 'very positive'
2024-11-06 13:25:37,884 - ScenarioAnalyzer - WARNING - Error analyzing sentiment: 'very positive'
2024-11-06 13:25:37,955 - ScenarioAnalyzer - INFO - Analyzing trends...
2024-11-06 13:25:37,955 - ScenarioAnalyzer - WARNING - No date column found for trend analysis
2024-11-06 13:25:37,955 - ScenarioAnalyzer - INFO - Generating insights...
2024-11-06 13:25:37,955 - ScenarioAnalyzer - ERROR - Analysis failed: Insight generation failed: 'ScenarioAnalyzer' object has no attribute '_generate_insights'
2024-11-06 13:26:42,125 - ScenarioAnalyzer - INFO - Initializing base analyzer...
2024-11-06 13:26:42,126 - ScenarioAnalyzer - INFO - Checking NLTK resources...
2024-11-06 13:26:42,128 - ScenarioAnalyzer - INFO - Downloading stopwords...
2024-11-06 13:26:42,130 - ScenarioAnalyzer - INFO - Downloading wordnet...
2024-11-06 13:26:42,133 - ScenarioAnalyzer - INFO - Downloading averaged_perceptron_tagger...
2024-11-06 13:26:42,133 - ScenarioAnalyzer - INFO - Initializing utility classes...
2024-11-06 13:26:42,134 - ScenarioAnalyzer - INFO - Initializing spaCy...
2024-11-06 13:26:42,350 - ScenarioAnalyzer - INFO - Base analyzer initialization completed
2024-11-06 13:32:08,684 - ScenarioAnalyzer - INFO - Initializing base analyzer...
2024-11-06 13:32:08,684 - ScenarioAnalyzer - INFO - Checking NLTK resources...
2024-11-06 13:32:08,686 - ScenarioAnalyzer - INFO - Downloading stopwords...
2024-11-06 13:32:08,689 - ScenarioAnalyzer - INFO - Downloading wordnet...
2024-11-06 13:32:08,691 - ScenarioAnalyzer - INFO - Downloading averaged_perceptron_tagger...
2024-11-06 13:32:08,691 - ScenarioAnalyzer - INFO - Initializing utility classes...
2024-11-06 13:32:08,693 - ScenarioAnalyzer - INFO - Initializing spaCy...
2024-11-06 13:32:08,909 - ScenarioAnalyzer - INFO - Base analyzer initialization completed
2024-11-06 13:37:23,798 - ScenarioAnalyzer - INFO - Extracting categories...
2024-11-06 13:37:53,889 - ScenarioAnalyzer - INFO - Counting mentions...
2024-11-06 13:38:16,163 - ScenarioAnalyzer - INFO - Initializing base analyzer...
2024-11-06 13:38:16,163 - ScenarioAnalyzer - INFO - Checking NLTK resources...
2024-11-06 13:38:16,165 - ScenarioAnalyzer - INFO - Downloading stopwords...
2024-11-06 13:38:16,168 - ScenarioAnalyzer - INFO - Downloading wordnet...
2024-11-06 13:38:16,170 - ScenarioAnalyzer - INFO - Downloading averaged_perceptron_tagger...
2024-11-06 13:38:16,171 - ScenarioAnalyzer - INFO - Initializing utility classes...
2024-11-06 13:38:16,172 - ScenarioAnalyzer - INFO - Initializing spaCy...
2024-11-06 13:38:16,405 - ScenarioAnalyzer - INFO - Base analyzer initialization completed
2024-11-06 13:45:13,593 - ScenarioAnalyzer - INFO - Extracting categories...
2024-11-06 13:45:55,465 - ScenarioAnalyzer - INFO - Counting mentions...
2024-11-06 13:47:08,322 - ScenarioAnalyzer - INFO - Analyzing sentiment...
2024-11-06 13:47:08,428 - ScenarioAnalyzer - WARNING - Error analyzing sentiment: 'very positive'
2024-11-06 13:47:08,430 - ScenarioAnalyzer - WARNING - Error analyzing sentiment: 'very positive'
2024-11-06 13:47:08,529 - ScenarioAnalyzer - INFO - Analyzing trends...
2024-11-06 13:47:08,529 - ScenarioAnalyzer - WARNING - No date column found for trend analysis
2024-11-06 13:47:08,529 - ScenarioAnalyzer - INFO - Generating insights...
2024-11-06 13:47:08,529 - ScenarioAnalyzer - ERROR - Analysis failed: Insight generation failed: 'ScenarioAnalyzer' object has no attribute '_generate_insights'
2024-11-06 14:44:36,479 - ScenarioAnalyzer - INFO - Initializing base analyzer...
2024-11-06 14:44:36,479 - ScenarioAnalyzer - INFO - Checking NLTK resources...
2024-11-06 14:44:36,482 - ScenarioAnalyzer - INFO - Downloading stopwords...
2024-11-06 14:44:36,484 - ScenarioAnalyzer - INFO - Downloading wordnet...
2024-11-06 14:44:36,486 - ScenarioAnalyzer - INFO - Downloading averaged_perceptron_tagger...
2024-11-06 14:44:36,486 - ScenarioAnalyzer - INFO - Initializing utility classes...
2024-11-06 14:44:36,488 - ScenarioAnalyzer - INFO - Initializing spaCy...
2024-11-06 14:44:36,712 - ScenarioAnalyzer - INFO - Base analyzer initialization completed
2024-11-06 14:44:41,458 - ScenarioAnalyzer - INFO - Extracting categories...
2024-11-06 14:44:41,624 - ScenarioAnalyzer - INFO - Counting mentions...
2024-11-06 14:44:41,667 - ScenarioAnalyzer - INFO - Analyzing sentiment...
2024-11-06 14:44:42,194 - ScenarioAnalyzer - WARNING - Error analyzing sentiment: 'very positive'
2024-11-06 14:44:42,194 - ScenarioAnalyzer - INFO - Analyzing trends...
2024-11-06 14:44:42,194 - ScenarioAnalyzer - WARNING - No date column found for trend analysis
2024-11-06 14:44:42,194 - ScenarioAnalyzer - INFO - Generating insights...
2024-11-06 14:44:42,194 - ScenarioAnalyzer - WARNING - Error generating insights: 'ScenarioAnalyzer' object has no attribute 'df'
2024-11-06 14:44:42,195 - ScenarioAnalyzer - WARNING - Error saving to cache: Object of type datetime is not JSON serializable
2024-11-06 19:36:03,017 - ScenarioAnalyzer - INFO - Initializing base analyzer...
2024-11-06 19:36:03,017 - ScenarioAnalyzer - INFO - Checking NLTK resources...
2024-11-06 19:36:03,019 - ScenarioAnalyzer - INFO - Downloading stopwords...
2024-11-06 19:36:03,021 - ScenarioAnalyzer - INFO - Downloading wordnet...
2024-11-06 19:36:03,023 - ScenarioAnalyzer - INFO - Downloading averaged_perceptron_tagger...
2024-11-06 19:36:03,023 - ScenarioAnalyzer - INFO - Initializing utility classes...
2024-11-06 19:36:03,025 - ScenarioAnalyzer - INFO - Initializing spaCy...
2024-11-06 19:36:03,300 - ScenarioAnalyzer - INFO - Base analyzer initialization completed
2024-11-06 19:36:11,055 - ScenarioAnalyzer - INFO - Removed expired cache file: ScenarioAnalyzer_e4022467c55ce1874c85cd4dc12e614fee17d3163513c2b3fe0b23febab262d3.json
2024-11-06 19:36:11,056 - ScenarioAnalyzer - INFO - Extracting categories...
2024-11-06 19:36:11,556 - ScenarioAnalyzer - INFO - Counting mentions...
2024-11-06 19:36:11,744 - ScenarioAnalyzer - INFO - Analyzing sentiment...
2024-11-06 19:36:11,752 - ScenarioAnalyzer - WARNING - Error analyzing sentiment: 'score'
2024-11-06 19:36:11,759 - ScenarioAnalyzer - WARNING - Error analyzing sentiment: 'score'
2024-11-06 19:36:11,768 - ScenarioAnalyzer - WARNING - Error analyzing sentiment: 'score'
2024-11-06 19:36:11,772 - ScenarioAnalyzer - WARNING - Error analyzing sentiment: 'score'
2024-11-06 19:36:11,776 - ScenarioAnalyzer - WARNING - Error analyzing sentiment: 'score'
2024-11-06 19:36:11,797 - ScenarioAnalyzer - WARNING - Error analyzing sentiment: 'score'
2024-11-06 19:36:11,804 - ScenarioAnalyzer - WARNING - Error analyzing sentiment: 'score'
2024-11-06 19:36:11,806 - ScenarioAnalyzer - WARNING - Error analyzing sentiment: 'score'
2024-11-06 19:36:11,816 - ScenarioAnalyzer - WARNING - Error analyzing sentiment: 'score'
2024-11-06 19:36:11,822 - ScenarioAnalyzer - WARNING - Error analyzing sentiment: 'score'
2024-11-06 19:36:11,827 - ScenarioAnalyzer - WARNING - Error analyzing sentiment: 'score'
2024-11-06 19:36:11,829 - ScenarioAnalyzer - WARNING - Error analyzing sentiment: 'very positive'
2024-11-06 19:36:11,831 - ScenarioAnalyzer - WARNING - Error analyzing sentiment: 'very positive'
2024-11-06 19:36:11,835 - ScenarioAnalyzer - WARNING - Error analyzing sentiment: 'score'
2024-11-06 19:36:11,835 - ScenarioAnalyzer - ERROR - Analysis failed: Sentiment analysis failed: Error in sentiment analysis: 'SentimentAnalyzer' object has no attribute 'analyze_batch'
2024-11-06 19:45:04,823 - ScenarioAnalyzer - INFO - Initializing base analyzer...
2024-11-06 19:45:04,823 - ScenarioAnalyzer - INFO - Checking NLTK resources...
2024-11-06 19:45:04,827 - ScenarioAnalyzer - INFO - Downloading stopwords...
2024-11-06 19:45:04,830 - ScenarioAnalyzer - INFO - Downloading wordnet...
2024-11-06 19:45:04,833 - ScenarioAnalyzer - INFO - Downloading averaged_perceptron_tagger...
2024-11-06 19:45:04,833 - ScenarioAnalyzer - INFO - Initializing utility classes...
2024-11-06 19:45:04,835 - ScenarioAnalyzer - INFO - Initializing spaCy...
2024-11-06 19:45:05,127 - ScenarioAnalyzer - INFO - Base analyzer initialization completed
2024-11-06 19:45:13,018 - ScenarioAnalyzer - INFO - Extracting categories...
2024-11-06 19:45:13,522 - ScenarioAnalyzer - INFO - Counting mentions...
2024-11-06 19:45:13,711 - ScenarioAnalyzer - INFO - Analyzing sentiment...
2024-11-06 19:45:13,720 - ScenarioAnalyzer - WARNING - Error analyzing sentiment: 'score'
2024-11-06 19:45:13,728 - ScenarioAnalyzer - WARNING - Error analyzing sentiment: 'score'
2024-11-06 19:45:13,736 - ScenarioAnalyzer - WARNING - Error analyzing sentiment: 'score'
2024-11-06 19:45:13,740 - ScenarioAnalyzer - WARNING - Error analyzing sentiment: 'score'
2024-11-06 19:45:13,745 - ScenarioAnalyzer - WARNING - Error analyzing sentiment: 'score'
2024-11-06 19:45:13,766 - ScenarioAnalyzer - WARNING - Error analyzing sentiment: 'score'
2024-11-06 19:45:13,773 - ScenarioAnalyzer - WARNING - Error analyzing sentiment: 'score'
2024-11-06 19:45:13,775 - ScenarioAnalyzer - WARNING - Error analyzing sentiment: 'score'
2024-11-06 19:45:13,785 - ScenarioAnalyzer - WARNING - Error analyzing sentiment: 'score'
2024-11-06 19:45:13,792 - ScenarioAnalyzer - WARNING - Error analyzing sentiment: 'score'
2024-11-06 19:45:13,796 - ScenarioAnalyzer - WARNING - Error analyzing sentiment: 'score'
2024-11-06 19:45:13,798 - ScenarioAnalyzer - WARNING - Error analyzing sentiment: 'very positive'
2024-11-06 19:45:13,800 - ScenarioAnalyzer - WARNING - Error analyzing sentiment: 'very positive'
2024-11-06 19:45:13,804 - ScenarioAnalyzer - WARNING - Error analyzing sentiment: 'score'
2024-11-06 19:45:13,804 - ScenarioAnalyzer - ERROR - Analysis failed: Sentiment analysis failed: Error in sentiment analysis: 'SentimentAnalyzer' object has no attribute 'analyze_batch'
2024-11-06 19:53:19,538 - ScenarioAnalyzer - INFO - Initializing base analyzer...
2024-11-06 19:53:19,539 - ScenarioAnalyzer - INFO - Checking NLTK resources...
2024-11-06 19:53:19,541 - ScenarioAnalyzer - INFO - Downloading stopwords...
2024-11-06 19:53:19,543 - ScenarioAnalyzer - INFO - Downloading wordnet...
2024-11-06 19:53:19,545 - ScenarioAnalyzer - INFO - Downloading averaged_perceptron_tagger...
2024-11-06 19:53:19,545 - ScenarioAnalyzer - INFO - Initializing utility classes...
2024-11-06 19:53:19,547 - ScenarioAnalyzer - INFO - Initializing spaCy...
2024-11-06 19:53:19,823 - ScenarioAnalyzer - INFO - Base analyzer initialization completed
2024-11-06 19:53:28,758 - ScenarioAnalyzer - INFO - Extracting categories...
2024-11-06 19:53:29,272 - ScenarioAnalyzer - INFO - Counting mentions...
2024-11-06 19:53:29,462 - ScenarioAnalyzer - INFO - Analyzing sentiment...
2024-11-06 19:53:29,598 - ScenarioAnalyzer - INFO - Analyzing trends...
2024-11-06 19:53:29,598 - ScenarioAnalyzer - WARNING - No date column found for trend analysis
2024-11-06 19:53:29,598 - ScenarioAnalyzer - INFO - Generating insights...
2024-11-06 19:53:29,598 - ScenarioAnalyzer - WARNING - Error generating insights: 'ScenarioAnalyzer' object has no attribute 'df'
2024-11-06 19:53:29,599 - ScenarioAnalyzer - WARNING - Error saving to cache: Object of type datetime is not JSON serializable
2024-11-06 20:00:07,612 - ScenarioAnalyzer - INFO - Initializing base analyzer...
2024-11-06 20:00:07,613 - ScenarioAnalyzer - INFO - Checking NLTK resources...
2024-11-06 20:00:07,615 - ScenarioAnalyzer - INFO - Downloading stopwords...
2024-11-06 20:00:07,617 - ScenarioAnalyzer - INFO - Downloading wordnet...
2024-11-06 20:00:07,619 - ScenarioAnalyzer - INFO - Downloading averaged_perceptron_tagger...
2024-11-06 20:00:07,619 - ScenarioAnalyzer - INFO - Initializing utility classes...
2024-11-06 20:00:07,621 - ScenarioAnalyzer - INFO - Initializing spaCy...
2024-11-06 20:00:07,886 - ScenarioAnalyzer - INFO - Base analyzer initialization completed
2024-11-06 20:00:16,425 - ScenarioAnalyzer - INFO - Using cached result
2024-11-06 20:00:16,425 - ScenarioAnalyzer - WARNING - Error reading cache: Expecting value: line 5 column 19 (char 72)
2024-11-06 20:00:16,425 - ScenarioAnalyzer - INFO - Extracting categories...
2024-11-06 20:00:16,947 - ScenarioAnalyzer - INFO - Counting mentions...
2024-11-06 20:00:17,136 - ScenarioAnalyzer - INFO - Analyzing sentiment...
2024-11-06 20:00:17,273 - ScenarioAnalyzer - INFO - Analyzing trends...
2024-11-06 20:00:17,273 - ScenarioAnalyzer - WARNING - No date column found for trend analysis
2024-11-06 20:00:17,273 - ScenarioAnalyzer - INFO - Generating insights...
2024-11-06 20:00:17,274 - ScenarioAnalyzer - INFO - Results saved to cache
2024-11-06 21:35:47,875 - ScenarioAnalyzer - INFO - Initializing base analyzer...
2024-11-06 21:35:47,875 - ScenarioAnalyzer - INFO - Checking NLTK resources...
2024-11-06 21:35:47,877 - ScenarioAnalyzer - INFO - Downloading stopwords...
2024-11-06 21:35:47,880 - ScenarioAnalyzer - INFO - Downloading wordnet...
2024-11-06 21:35:47,882 - ScenarioAnalyzer - INFO - Downloading averaged_perceptron_tagger...
2024-11-06 21:35:47,882 - ScenarioAnalyzer - INFO - Initializing utility classes...
2024-11-06 21:35:47,884 - ScenarioAnalyzer - INFO - Initializing spaCy...
2024-11-06 21:35:48,152 - ScenarioAnalyzer - INFO - Base analyzer initialization completed
2024-11-06 21:35:57,762 - ScenarioAnalyzer - INFO - Removed expired cache file: ScenarioAnalyzer_c8196cca3efab1fc8f70f5575009c6d09a25da1456b7bca0059216ea15ad0d22.json
2024-11-06 21:35:57,763 - ScenarioAnalyzer - INFO - Extracting categories...
2024-11-06 21:35:58,325 - ScenarioAnalyzer - INFO - Counting mentions...
2024-11-06 21:35:58,533 - ScenarioAnalyzer - INFO - Analyzing sentiment...
2024-11-06 21:35:58,688 - ScenarioAnalyzer - INFO - Analyzing trends...
2024-11-06 21:35:58,688 - ScenarioAnalyzer - WARNING - No date column found for trend analysis
2024-11-06 21:35:58,688 - ScenarioAnalyzer - INFO - Generating insights...
2024-11-06 21:35:58,690 - ScenarioAnalyzer - INFO - Results saved to cache
2024-11-06 22:13:45,757 - ScenarioAnalyzer - INFO - Initializing base analyzer...
2024-11-06 22:13:45,757 - ScenarioAnalyzer - INFO - Checking NLTK resources...
2024-11-06 22:13:45,760 - ScenarioAnalyzer - INFO - Downloading stopwords...
2024-11-06 22:13:45,763 - ScenarioAnalyzer - INFO - Downloading wordnet...
2024-11-06 22:13:45,765 - ScenarioAnalyzer - INFO - Downloading averaged_perceptron_tagger...
2024-11-06 22:13:45,765 - ScenarioAnalyzer - INFO - Initializing utility classes...
2024-11-06 22:13:45,767 - ScenarioAnalyzer - INFO - Initializing spaCy...
2024-11-06 22:13:46,064 - ScenarioAnalyzer - INFO - Base analyzer initialization completed
2024-11-06 22:16:21,515 - ScenarioAnalyzer - INFO - Initializing base analyzer...
2024-11-06 22:16:21,515 - ScenarioAnalyzer - INFO - Checking NLTK resources...
2024-11-06 22:16:21,517 - ScenarioAnalyzer - INFO - Downloading stopwords...
2024-11-06 22:16:21,520 - ScenarioAnalyzer - INFO - Downloading wordnet...
2024-11-06 22:16:21,522 - ScenarioAnalyzer - INFO - Downloading averaged_perceptron_tagger...
2024-11-06 22:16:21,522 - ScenarioAnalyzer - INFO - Initializing utility classes...
2024-11-06 22:16:21,524 - ScenarioAnalyzer - INFO - Initializing spaCy...
2024-11-06 22:16:21,797 - ScenarioAnalyzer - INFO - Base analyzer initialization completed
2024-11-06 22:39:37,553 - ScenarioAnalyzer - INFO - Initializing base analyzer...
2024-11-06 22:39:37,553 - ScenarioAnalyzer - INFO - Checking NLTK resources...
2024-11-06 22:39:37,555 - ScenarioAnalyzer - INFO - Downloading stopwords...
2024-11-06 22:39:37,557 - ScenarioAnalyzer - INFO - Downloading wordnet...
2024-11-06 22:39:37,560 - ScenarioAnalyzer - INFO - Downloading averaged_perceptron_tagger...
2024-11-06 22:39:37,560 - ScenarioAnalyzer - INFO - Initializing utility classes...
2024-11-06 22:39:37,562 - ScenarioAnalyzer - INFO - Initializing spaCy...
2024-11-06 22:39:37,832 - ScenarioAnalyzer - INFO - Base analyzer initialization completed
2024-11-06 22:39:49,832 - ScenarioAnalyzer - INFO - Removed expired cache file: ScenarioAnalyzer_c8196cca3efab1fc8f70f5575009c6d09a25da1456b7bca0059216ea15ad0d22.json
2024-11-06 22:39:49,833 - ScenarioAnalyzer - INFO - Extracting categories...
2024-11-06 22:39:50,415 - ScenarioAnalyzer - INFO - Counting mentions...
2024-11-06 22:39:50,633 - ScenarioAnalyzer - INFO - Analyzing sentiment...
2024-11-06 22:39:50,799 - ScenarioAnalyzer - INFO - Analyzing trends...
2024-11-06 22:39:50,799 - ScenarioAnalyzer - WARNING - No date column 'ÆÀÂÛÈÕÆÚ' found for trend analysis
2024-11-06 22:39:50,799 - ScenarioAnalyzer - INFO - Generating insights...
2024-11-06 22:39:50,800 - ScenarioAnalyzer - INFO - Results saved to cache
2024-11-06 23:56:41,365 - ScenarioAnalyzer - INFO - Initializing base analyzer...
2024-11-06 23:56:41,365 - ScenarioAnalyzer - INFO - Checking NLTK resources...
2024-11-06 23:56:41,368 - ScenarioAnalyzer - INFO - Downloading stopwords...
2024-11-06 23:56:41,370 - ScenarioAnalyzer - INFO - Downloading wordnet...
2024-11-06 23:56:41,372 - ScenarioAnalyzer - INFO - Downloading averaged_perceptron_tagger...
2024-11-06 23:56:41,372 - ScenarioAnalyzer - INFO - Initializing utility classes...
2024-11-06 23:56:41,374 - ScenarioAnalyzer - INFO - Initializing spaCy...
2024-11-06 23:56:41,642 - ScenarioAnalyzer - INFO - Base analyzer initialization completed
2024-11-06 23:56:50,207 - ScenarioAnalyzer - INFO - Removed expired cache file: ScenarioAnalyzer_c8196cca3efab1fc8f70f5575009c6d09a25da1456b7bca0059216ea15ad0d22.json
2024-11-06 23:56:50,208 - ScenarioAnalyzer - INFO - Extracting categories...
2024-11-06 23:56:50,716 - ScenarioAnalyzer - INFO - Counting mentions...
2024-11-06 23:56:50,910 - ScenarioAnalyzer - INFO - Analyzing sentiment...
2024-11-06 23:56:51,053 - ScenarioAnalyzer - ERROR - Sentiment analysis failed: 'metadata'
2024-11-06 23:56:51,053 - ScenarioAnalyzer - INFO - Analyzing trends...
2024-11-06 23:56:51,055 - ScenarioAnalyzer - INFO - Generating insights...
2024-11-06 23:56:51,056 - ScenarioAnalyzer - INFO - Results saved to cache
