2024-11-06 11:30:12,031 - TimingAnalyzer - ERROR - Analysis failed: unhashable type: 'list'
2024-11-06 11:39:09,390 - TimingAnalyzer - ERROR - Analysis failed: unhashable type: 'list'
2024-11-06 11:43:43,338 - TimingAnalyzer - ERROR - Analysis failed: unhashable type: 'list'
2024-11-06 12:06:02,395 - TimingAnalyzer - ERROR - Analysis failed: unhashable type: 'list'
2024-11-06 12:20:26,222 - TimingAnalyzer - INFO - Initializing base analyzer...
2024-11-06 12:20:26,222 - TimingAnalyzer - INFO - Checking NLTK resources...
2024-11-06 12:20:26,224 - TimingAnalyzer - INFO - Downloading stopwords...
2024-11-06 12:20:26,226 - TimingAnalyzer - INFO - Downloading wordnet...
2024-11-06 12:20:26,228 - TimingAnalyzer - INFO - Downloading averaged_perceptron_tagger...
2024-11-06 12:20:26,228 - TimingAnalyzer - INFO - Initializing utility classes...
2024-11-06 12:20:26,232 - TimingAnalyzer - INFO - Initializing spaCy...
2024-11-06 12:20:26,451 - TimingAnalyzer - INFO - Base analyzer initialization completed
2024-11-06 12:34:51,238 - TimingAnalyzer - INFO - Initializing base analyzer...
2024-11-06 12:34:51,238 - TimingAnalyzer - INFO - Checking NLTK resources...
2024-11-06 12:34:51,241 - TimingAnalyzer - INFO - Downloading stopwords...
2024-11-06 12:34:51,243 - TimingAnalyzer - INFO - Downloading wordnet...
2024-11-06 12:34:51,245 - TimingAnalyzer - INFO - Downloading averaged_perceptron_tagger...
2024-11-06 12:34:51,245 - TimingAnalyzer - INFO - Initializing utility classes...
2024-11-06 12:34:51,249 - TimingAnalyzer - INFO - Initializing spaCy...
2024-11-06 12:34:51,473 - TimingAnalyzer - INFO - Base analyzer initialization completed
2024-11-06 12:39:48,904 - TimingAnalyzer - INFO - Initializing base analyzer...
2024-11-06 12:39:48,904 - TimingAnalyzer - INFO - Checking NLTK resources...
2024-11-06 12:39:48,907 - TimingAnalyzer - INFO - Downloading stopwords...
2024-11-06 12:39:48,909 - TimingAnalyzer - INFO - Downloading wordnet...
2024-11-06 12:39:48,911 - TimingAnalyzer - INFO - Downloading averaged_perceptron_tagger...
2024-11-06 12:39:48,911 - TimingAnalyzer - INFO - Initializing utility classes...
2024-11-06 12:39:48,915 - TimingAnalyzer - INFO - Initializing spaCy...
2024-11-06 12:39:49,132 - TimingAnalyzer - INFO - Base analyzer initialization completed
2024-11-06 12:44:00,884 - TimingAnalyzer - INFO - Initializing base analyzer...
2024-11-06 12:44:00,884 - TimingAnalyzer - INFO - Checking NLTK resources...
2024-11-06 12:44:00,886 - TimingAnalyzer - INFO - Downloading stopwords...
2024-11-06 12:44:00,888 - TimingAnalyzer - INFO - Downloading wordnet...
2024-11-06 12:44:00,890 - TimingAnalyzer - INFO - Downloading averaged_perceptron_tagger...
2024-11-06 12:44:00,890 - TimingAnalyzer - INFO - Initializing utility classes...
2024-11-06 12:44:00,916 - TimingAnalyzer - INFO - Initializing spaCy...
2024-11-06 12:44:01,135 - TimingAnalyzer - INFO - Base analyzer initialization completed
2024-11-06 13:19:04,983 - TimingAnalyzer - INFO - Initializing base analyzer...
2024-11-06 13:19:04,983 - TimingAnalyzer - INFO - Checking NLTK resources...
2024-11-06 13:19:04,986 - TimingAnalyzer - INFO - Downloading stopwords...
2024-11-06 13:19:04,988 - TimingAnalyzer - INFO - Downloading wordnet...
2024-11-06 13:19:04,990 - TimingAnalyzer - INFO - Downloading averaged_perceptron_tagger...
2024-11-06 13:19:04,990 - TimingAnalyzer - INFO - Initializing utility classes...
2024-11-06 13:19:04,992 - TimingAnalyzer - INFO - Initializing spaCy...
2024-11-06 13:19:05,211 - TimingAnalyzer - INFO - Base analyzer initialization completed
2024-11-06 13:21:06,509 - TimingAnalyzer - INFO - Extracting categories...
2024-11-06 13:21:34,493 - TimingAnalyzer - INFO - Counting mentions...
2024-11-06 13:22:10,203 - TimingAnalyzer - INFO - Analyzing sentiment...
2024-11-06 13:22:10,203 - TimingAnalyzer - INFO - Analyzing trends...
2024-11-06 13:22:10,203 - TimingAnalyzer - WARNING - No date column found for trend analysis
2024-11-06 13:22:10,203 - TimingAnalyzer - INFO - Generating insights...
2024-11-06 13:22:10,203 - TimingAnalyzer - ERROR - Analysis failed: Insight generation failed: 'TimingAnalyzer' object has no attribute '_generate_insights'
2024-11-06 13:26:41,184 - TimingAnalyzer - INFO - Initializing base analyzer...
2024-11-06 13:26:41,184 - TimingAnalyzer - INFO - Checking NLTK resources...
2024-11-06 13:26:41,187 - TimingAnalyzer - INFO - Downloading stopwords...
2024-11-06 13:26:41,189 - TimingAnalyzer - INFO - Downloading wordnet...
2024-11-06 13:26:41,191 - TimingAnalyzer - INFO - Downloading averaged_perceptron_tagger...
2024-11-06 13:26:41,191 - TimingAnalyzer - INFO - Initializing utility classes...
2024-11-06 13:26:41,193 - TimingAnalyzer - INFO - Initializing spaCy...
2024-11-06 13:26:41,410 - TimingAnalyzer - INFO - Base analyzer initialization completed
2024-11-06 13:28:30,458 - TimingAnalyzer - INFO - Extracting categories...
2024-11-06 13:29:16,298 - TimingAnalyzer - INFO - Counting mentions...
2024-11-06 13:30:11,461 - TimingAnalyzer - INFO - Analyzing sentiment...
2024-11-06 13:30:11,461 - TimingAnalyzer - INFO - Analyzing trends...
2024-11-06 13:30:11,461 - TimingAnalyzer - WARNING - No date column found for trend analysis
2024-11-06 13:30:11,461 - TimingAnalyzer - INFO - Generating insights...
2024-11-06 13:30:11,461 - TimingAnalyzer - ERROR - Analysis failed: Insight generation failed: 'TimingAnalyzer' object has no attribute '_generate_insights'
2024-11-06 13:32:07,743 - TimingAnalyzer - INFO - Initializing base analyzer...
2024-11-06 13:32:07,743 - TimingAnalyzer - INFO - Checking NLTK resources...
2024-11-06 13:32:07,745 - TimingAnalyzer - INFO - Downloading stopwords...
2024-11-06 13:32:07,748 - TimingAnalyzer - INFO - Downloading wordnet...
2024-11-06 13:32:07,750 - TimingAnalyzer - INFO - Downloading averaged_perceptron_tagger...
2024-11-06 13:32:07,750 - TimingAnalyzer - INFO - Initializing utility classes...
2024-11-06 13:32:07,752 - TimingAnalyzer - INFO - Initializing spaCy...
2024-11-06 13:32:07,968 - TimingAnalyzer - INFO - Base analyzer initialization completed
2024-11-06 13:34:31,539 - TimingAnalyzer - INFO - Extracting categories...
2024-11-06 13:35:10,900 - TimingAnalyzer - INFO - Counting mentions...
2024-11-06 13:35:52,209 - TimingAnalyzer - INFO - Analyzing sentiment...
2024-11-06 13:35:52,209 - TimingAnalyzer - INFO - Analyzing trends...
2024-11-06 13:35:52,209 - TimingAnalyzer - WARNING - No date column found for trend analysis
2024-11-06 13:35:52,209 - TimingAnalyzer - INFO - Generating insights...
2024-11-06 13:35:52,209 - TimingAnalyzer - ERROR - Analysis failed: Insight generation failed: 'TimingAnalyzer' object has no attribute '_generate_insights'
2024-11-06 13:38:08,196 - TimingAnalyzer - INFO - Initializing base analyzer...
2024-11-06 13:38:08,196 - TimingAnalyzer - INFO - Checking NLTK resources...
2024-11-06 13:38:08,198 - TimingAnalyzer - INFO - Downloading stopwords...
2024-11-06 13:38:08,200 - TimingAnalyzer - INFO - Downloading wordnet...
2024-11-06 13:38:08,203 - TimingAnalyzer - INFO - Downloading averaged_perceptron_tagger...
2024-11-06 13:38:08,203 - TimingAnalyzer - INFO - Initializing utility classes...
2024-11-06 13:38:08,204 - TimingAnalyzer - INFO - Initializing spaCy...
2024-11-06 13:38:15,168 - TimingAnalyzer - INFO - Initializing base analyzer...
2024-11-06 13:38:15,169 - TimingAnalyzer - INFO - Checking NLTK resources...
2024-11-06 13:38:15,171 - TimingAnalyzer - INFO - Downloading stopwords...
2024-11-06 13:38:15,174 - TimingAnalyzer - INFO - Downloading wordnet...
2024-11-06 13:38:15,176 - TimingAnalyzer - INFO - Downloading averaged_perceptron_tagger...
2024-11-06 13:38:15,176 - TimingAnalyzer - INFO - Initializing utility classes...
2024-11-06 13:38:15,178 - TimingAnalyzer - INFO - Initializing spaCy...
2024-11-06 13:38:15,406 - TimingAnalyzer - INFO - Base analyzer initialization completed
2024-11-06 13:40:19,392 - TimingAnalyzer - INFO - Extracting categories...
2024-11-06 13:41:09,108 - TimingAnalyzer - INFO - Counting mentions...
2024-11-06 13:42:17,993 - TimingAnalyzer - INFO - Analyzing sentiment...
2024-11-06 13:42:17,993 - TimingAnalyzer - INFO - Analyzing trends...
2024-11-06 13:42:17,993 - TimingAnalyzer - WARNING - No date column found for trend analysis
2024-11-06 13:42:17,993 - TimingAnalyzer - INFO - Generating insights...
2024-11-06 13:42:17,993 - TimingAnalyzer - ERROR - Analysis failed: Insight generation failed: 'TimingAnalyzer' object has no attribute '_generate_insights'
2024-11-06 14:44:35,546 - TimingAnalyzer - INFO - Initializing base analyzer...
2024-11-06 14:44:35,546 - TimingAnalyzer - INFO - Checking NLTK resources...
2024-11-06 14:44:35,549 - TimingAnalyzer - INFO - Downloading stopwords...
2024-11-06 14:44:35,551 - TimingAnalyzer - INFO - Downloading wordnet...
2024-11-06 14:44:35,553 - TimingAnalyzer - INFO - Downloading averaged_perceptron_tagger...
2024-11-06 14:44:35,553 - TimingAnalyzer - INFO - Initializing utility classes...
2024-11-06 14:44:35,555 - TimingAnalyzer - INFO - Initializing spaCy...
2024-11-06 14:44:35,771 - TimingAnalyzer - INFO - Base analyzer initialization completed
2024-11-06 14:44:40,926 - TimingAnalyzer - INFO - Extracting categories...
2024-11-06 14:44:41,082 - TimingAnalyzer - INFO - Counting mentions...
2024-11-06 14:44:41,125 - TimingAnalyzer - INFO - Analyzing sentiment...
2024-11-06 14:44:41,125 - TimingAnalyzer - INFO - Analyzing trends...
2024-11-06 14:44:41,125 - TimingAnalyzer - WARNING - No date column found for trend analysis
2024-11-06 14:44:41,125 - TimingAnalyzer - INFO - Generating insights...
2024-11-06 14:44:41,125 - TimingAnalyzer - WARNING - Error generating insights: 'TimingAnalyzer' object has no attribute 'df'
2024-11-06 14:44:41,126 - TimingAnalyzer - WARNING - Error saving to cache: Object of type datetime is not JSON serializable
2024-11-06 19:36:02,100 - TimingAnalyzer - INFO - Initializing base analyzer...
2024-11-06 19:36:02,100 - TimingAnalyzer - INFO - Checking NLTK resources...
2024-11-06 19:36:02,103 - TimingAnalyzer - INFO - Downloading stopwords...
2024-11-06 19:36:02,105 - TimingAnalyzer - INFO - Downloading wordnet...
2024-11-06 19:36:02,107 - TimingAnalyzer - INFO - Downloading averaged_perceptron_tagger...
2024-11-06 19:36:02,107 - TimingAnalyzer - INFO - Initializing utility classes...
2024-11-06 19:36:02,109 - TimingAnalyzer - INFO - Initializing spaCy...
2024-11-06 19:36:02,328 - TimingAnalyzer - INFO - Base analyzer initialization completed
2024-11-06 19:36:08,503 - TimingAnalyzer - INFO - Removed expired cache file: TimingAnalyzer_efabdefcfb7fca037c4fca13660ee445898fddbe404586b1a00304231b939df8.json
2024-11-06 19:36:08,504 - TimingAnalyzer - INFO - Extracting categories...
2024-11-06 19:36:09,006 - TimingAnalyzer - INFO - Counting mentions...
2024-11-06 19:36:09,263 - TimingAnalyzer - INFO - Analyzing sentiment...
2024-11-06 19:36:09,263 - TimingAnalyzer - ERROR - Analysis failed: Sentiment analysis failed: Error in sentiment analysis: 'SentimentAnalyzer' object has no attribute 'analyze_batch'
2024-11-06 19:45:03,891 - TimingAnalyzer - INFO - Initializing base analyzer...
2024-11-06 19:45:03,891 - TimingAnalyzer - INFO - Checking NLTK resources...
2024-11-06 19:45:03,894 - TimingAnalyzer - INFO - Downloading stopwords...
2024-11-06 19:45:03,896 - TimingAnalyzer - INFO - Downloading wordnet...
2024-11-06 19:45:03,898 - TimingAnalyzer - INFO - Downloading averaged_perceptron_tagger...
2024-11-06 19:45:03,898 - TimingAnalyzer - INFO - Initializing utility classes...
2024-11-06 19:45:03,900 - TimingAnalyzer - INFO - Initializing spaCy...
2024-11-06 19:45:04,123 - TimingAnalyzer - INFO - Base analyzer initialization completed
2024-11-06 19:45:10,412 - TimingAnalyzer - INFO - Extracting categories...
2024-11-06 19:45:10,920 - TimingAnalyzer - INFO - Counting mentions...
2024-11-06 19:45:11,186 - TimingAnalyzer - INFO - Analyzing sentiment...
2024-11-06 19:45:11,186 - TimingAnalyzer - ERROR - Analysis failed: Sentiment analysis failed: Error in sentiment analysis: 'SentimentAnalyzer' object has no attribute 'analyze_batch'
2024-11-06 19:53:18,590 - TimingAnalyzer - INFO - Initializing base analyzer...
2024-11-06 19:53:18,591 - TimingAnalyzer - INFO - Checking NLTK resources...
2024-11-06 19:53:18,594 - TimingAnalyzer - INFO - Downloading stopwords...
2024-11-06 19:53:18,596 - TimingAnalyzer - INFO - Downloading wordnet...
2024-11-06 19:53:18,599 - TimingAnalyzer - INFO - Downloading averaged_perceptron_tagger...
2024-11-06 19:53:18,599 - TimingAnalyzer - INFO - Initializing utility classes...
2024-11-06 19:53:18,601 - TimingAnalyzer - INFO - Initializing spaCy...
2024-11-06 19:53:18,837 - TimingAnalyzer - INFO - Base analyzer initialization completed
2024-11-06 19:53:26,331 - TimingAnalyzer - INFO - Extracting categories...
2024-11-06 19:53:26,841 - TimingAnalyzer - INFO - Counting mentions...
2024-11-06 19:53:27,104 - TimingAnalyzer - INFO - Analyzing sentiment...
2024-11-06 19:53:27,245 - TimingAnalyzer - INFO - Analyzing trends...
2024-11-06 19:53:27,245 - TimingAnalyzer - WARNING - No date column found for trend analysis
2024-11-06 19:53:27,245 - TimingAnalyzer - INFO - Generating insights...
2024-11-06 19:53:27,245 - TimingAnalyzer - WARNING - Error generating insights: 'TimingAnalyzer' object has no attribute 'df'
2024-11-06 19:53:27,246 - TimingAnalyzer - WARNING - Error saving to cache: Object of type datetime is not JSON serializable
2024-11-06 20:00:06,728 - TimingAnalyzer - INFO - Initializing base analyzer...
2024-11-06 20:00:06,728 - TimingAnalyzer - INFO - Checking NLTK resources...
2024-11-06 20:00:06,731 - TimingAnalyzer - INFO - Downloading stopwords...
2024-11-06 20:00:06,733 - TimingAnalyzer - INFO - Downloading wordnet...
2024-11-06 20:00:06,735 - TimingAnalyzer - INFO - Downloading averaged_perceptron_tagger...
2024-11-06 20:00:06,735 - TimingAnalyzer - INFO - Initializing utility classes...
2024-11-06 20:00:06,737 - TimingAnalyzer - INFO - Initializing spaCy...
2024-11-06 20:00:06,949 - TimingAnalyzer - INFO - Base analyzer initialization completed
2024-11-06 20:00:14,012 - TimingAnalyzer - INFO - Using cached result
2024-11-06 20:00:14,012 - TimingAnalyzer - WARNING - Error reading cache: Expecting value: line 5 column 19 (char 72)
2024-11-06 20:00:14,012 - TimingAnalyzer - INFO - Extracting categories...
2024-11-06 20:00:14,518 - TimingAnalyzer - INFO - Counting mentions...
2024-11-06 20:00:14,775 - TimingAnalyzer - INFO - Analyzing sentiment...
2024-11-06 20:00:14,913 - TimingAnalyzer - INFO - Analyzing trends...
2024-11-06 20:00:14,914 - TimingAnalyzer - WARNING - No date column found for trend analysis
2024-11-06 20:00:14,914 - TimingAnalyzer - INFO - Generating insights...
2024-11-06 20:00:14,916 - TimingAnalyzer - INFO - Results saved to cache
2024-11-06 21:35:46,970 - TimingAnalyzer - INFO - Initializing base analyzer...
2024-11-06 21:35:46,970 - TimingAnalyzer - INFO - Checking NLTK resources...
2024-11-06 21:35:46,972 - TimingAnalyzer - INFO - Downloading stopwords...
2024-11-06 21:35:46,974 - TimingAnalyzer - INFO - Downloading wordnet...
2024-11-06 21:35:46,977 - TimingAnalyzer - INFO - Downloading averaged_perceptron_tagger...
2024-11-06 21:35:46,977 - TimingAnalyzer - INFO - Initializing utility classes...
2024-11-06 21:35:46,978 - TimingAnalyzer - INFO - Initializing spaCy...
2024-11-06 21:35:47,200 - TimingAnalyzer - INFO - Base analyzer initialization completed
2024-11-06 21:35:55,058 - TimingAnalyzer - INFO - Removed expired cache file: TimingAnalyzer_4ad7d95698afb26927c337ac1fecd16ad311a59e2c535dec7b17a0d86f04ff62.json
2024-11-06 21:35:55,059 - TimingAnalyzer - INFO - Extracting categories...
2024-11-06 21:35:55,634 - TimingAnalyzer - INFO - Counting mentions...
2024-11-06 21:35:55,926 - TimingAnalyzer - INFO - Analyzing sentiment...
2024-11-06 21:35:56,086 - TimingAnalyzer - INFO - Analyzing trends...
2024-11-06 21:35:56,086 - TimingAnalyzer - WARNING - No date column found for trend analysis
2024-11-06 21:35:56,086 - TimingAnalyzer - INFO - Generating insights...
2024-11-06 21:35:56,088 - TimingAnalyzer - INFO - Results saved to cache
2024-11-06 22:13:44,829 - TimingAnalyzer - INFO - Initializing base analyzer...
2024-11-06 22:13:44,829 - TimingAnalyzer - INFO - Checking NLTK resources...
2024-11-06 22:13:44,832 - TimingAnalyzer - INFO - Downloading stopwords...
2024-11-06 22:13:44,834 - TimingAnalyzer - INFO - Downloading wordnet...
2024-11-06 22:13:44,836 - TimingAnalyzer - INFO - Downloading averaged_perceptron_tagger...
2024-11-06 22:13:44,836 - TimingAnalyzer - INFO - Initializing utility classes...
2024-11-06 22:13:44,838 - TimingAnalyzer - INFO - Initializing spaCy...
2024-11-06 22:13:45,060 - TimingAnalyzer - INFO - Base analyzer initialization completed
2024-11-06 22:16:20,580 - TimingAnalyzer - INFO - Initializing base analyzer...
2024-11-06 22:16:20,580 - TimingAnalyzer - INFO - Checking NLTK resources...
2024-11-06 22:16:20,582 - TimingAnalyzer - INFO - Downloading stopwords...
2024-11-06 22:16:20,585 - TimingAnalyzer - INFO - Downloading wordnet...
2024-11-06 22:16:20,587 - TimingAnalyzer - INFO - Downloading averaged_perceptron_tagger...
2024-11-06 22:16:20,587 - TimingAnalyzer - INFO - Initializing utility classes...
2024-11-06 22:16:20,589 - TimingAnalyzer - INFO - Initializing spaCy...
2024-11-06 22:16:20,822 - TimingAnalyzer - INFO - Base analyzer initialization completed
2024-11-06 22:39:36,621 - TimingAnalyzer - INFO - Initializing base analyzer...
2024-11-06 22:39:36,621 - TimingAnalyzer - INFO - Checking NLTK resources...
2024-11-06 22:39:36,624 - TimingAnalyzer - INFO - Downloading stopwords...
2024-11-06 22:39:36,626 - TimingAnalyzer - INFO - Downloading wordnet...
2024-11-06 22:39:36,628 - TimingAnalyzer - INFO - Downloading averaged_perceptron_tagger...
2024-11-06 22:39:36,628 - TimingAnalyzer - INFO - Initializing utility classes...
2024-11-06 22:39:36,630 - TimingAnalyzer - INFO - Initializing spaCy...
2024-11-06 22:39:36,850 - TimingAnalyzer - INFO - Base analyzer initialization completed
2024-11-06 22:39:47,252 - TimingAnalyzer - INFO - Removed expired cache file: TimingAnalyzer_4ad7d95698afb26927c337ac1fecd16ad311a59e2c535dec7b17a0d86f04ff62.json
2024-11-06 22:39:47,253 - TimingAnalyzer - INFO - Extracting categories...
2024-11-06 22:39:47,783 - TimingAnalyzer - INFO - Counting mentions...
2024-11-06 22:39:48,057 - TimingAnalyzer - INFO - Analyzing sentiment...
2024-11-06 22:39:48,202 - TimingAnalyzer - INFO - Analyzing trends...
2024-11-06 22:39:48,202 - TimingAnalyzer - WARNING - No date column 'ÆÀÂÛÈÕÆÚ' found for trend analysis
2024-11-06 22:39:48,202 - TimingAnalyzer - INFO - Generating insights...
2024-11-06 22:39:48,203 - TimingAnalyzer - INFO - Results saved to cache
2024-11-06 23:56:40,446 - TimingAnalyzer - INFO - Initializing base analyzer...
2024-11-06 23:56:40,446 - TimingAnalyzer - INFO - Checking NLTK resources...
2024-11-06 23:56:40,448 - TimingAnalyzer - INFO - Downloading stopwords...
2024-11-06 23:56:40,450 - TimingAnalyzer - INFO - Downloading wordnet...
2024-11-06 23:56:40,453 - TimingAnalyzer - INFO - Downloading averaged_perceptron_tagger...
2024-11-06 23:56:40,453 - TimingAnalyzer - INFO - Initializing utility classes...
2024-11-06 23:56:40,454 - TimingAnalyzer - INFO - Initializing spaCy...
2024-11-06 23:56:40,675 - TimingAnalyzer - INFO - Base analyzer initialization completed
2024-11-06 23:56:47,763 - TimingAnalyzer - INFO - Removed expired cache file: TimingAnalyzer_4ad7d95698afb26927c337ac1fecd16ad311a59e2c535dec7b17a0d86f04ff62.json
2024-11-06 23:56:47,764 - TimingAnalyzer - INFO - Extracting categories...
2024-11-06 23:56:48,276 - TimingAnalyzer - INFO - Counting mentions...
2024-11-06 23:56:48,539 - TimingAnalyzer - INFO - Analyzing sentiment...
2024-11-06 23:56:48,677 - TimingAnalyzer - ERROR - Sentiment analysis failed: 'metadata'
2024-11-06 23:56:48,677 - TimingAnalyzer - INFO - Analyzing trends...
2024-11-06 23:56:48,678 - TimingAnalyzer - INFO - Generating insights...
2024-11-06 23:56:48,680 - TimingAnalyzer - INFO - Results saved to cache
